  [1m[35m (3.1ms)[0m  [1m[34mSELECT sqlite_version(*)[0m
  [1m[35m (2.4ms)[0m  [1m[35mCREATE TABLE "schema_migrations" ("version" varchar NOT NULL PRIMARY KEY)[0m
  [1m[35m (1.7ms)[0m  [1m[35mCREATE TABLE "ar_internal_metadata" ("key" varchar NOT NULL PRIMARY KEY, "value" varchar, "created_at" datetime(6) NOT NULL, "updated_at" datetime(6) NOT NULL)[0m
  [1m[35m (0.2ms)[0m  [1m[34mSELECT "schema_migrations"."version" FROM "schema_migrations" ORDER BY "schema_migrations"."version" ASC[0m
Migrating to CreateSpecies (20200205194347)
  [1m[35m (0.1ms)[0m  [1m[36mbegin transaction[0m
  [1m[35m (0.5ms)[0m  [1m[35mCREATE TABLE "species" ("id" integer PRIMARY KEY AUTOINCREMENT NOT NULL, "name" varchar, "created_at" datetime(6) NOT NULL, "updated_at" datetime(6) NOT NULL)[0m
  [1m[36mprimary::SchemaMigration Create (0.4ms)[0m  [1m[32mINSERT INTO "schema_migrations" ("version") VALUES (?)[0m  [["version", "20200205194347"]]
  [1m[35m (1.8ms)[0m  [1m[36mcommit transaction[0m
Migrating to CreateAnimals (20200205194357)
  [1m[35m (0.1ms)[0m  [1m[36mbegin transaction[0m
  [1m[35m (1.4ms)[0m  [1m[35mCREATE TABLE "animals" ("id" integer PRIMARY KEY AUTOINCREMENT NOT NULL, "name" varchar, "gender" varchar, "species_id" integer NOT NULL, "created_at" datetime(6) NOT NULL, "updated_at" datetime(6) NOT NULL, CONSTRAINT "fk_rails_8c21b45993"
FOREIGN KEY ("species_id")
  REFERENCES "species" ("id")
)[0m
  [1m[35m (0.2ms)[0m  [1m[35mCREATE  INDEX "index_animals_on_species_id" ON "animals" ("species_id")[0m
  [1m[36mprimary::SchemaMigration Create (0.2ms)[0m  [1m[32mINSERT INTO "schema_migrations" ("version") VALUES (?)[0m  [["version", "20200205194357"]]
  [1m[35m (1.3ms)[0m  [1m[36mcommit transaction[0m
  [1m[36mActiveRecord::InternalMetadata Load (0.2ms)[0m  [1m[34mSELECT "ar_internal_metadata".* FROM "ar_internal_metadata" WHERE "ar_internal_metadata"."key" = ? LIMIT ?[0m  [["key", "environment"], ["LIMIT", 1]]
  [1m[35m (0.1ms)[0m  [1m[36mbegin transaction[0m
  [1m[36mActiveRecord::InternalMetadata Create (0.4ms)[0m  [1m[32mINSERT INTO "ar_internal_metadata" ("key", "value", "created_at", "updated_at") VALUES (?, ?, ?, ?)[0m  [["key", "environment"], ["value", "development"], ["created_at", "2020-02-05 19:44:35.129325"], ["updated_at", "2020-02-05 19:44:35.129325"]]
  [1m[35m (2.5ms)[0m  [1m[36mcommit transaction[0m
  [1m[35m (0.1ms)[0m  [1m[34mSELECT sqlite_version(*)[0m
  [1m[35m (0.1ms)[0m  [1m[34mSELECT "schema_migrations"."version" FROM "schema_migrations" ORDER BY "schema_migrations"."version" ASC[0m
Started GET "/" for ::1 at 2020-02-05 12:03:15 -0800
  [1m[35m (0.5ms)[0m  [1m[34mSELECT sqlite_version(*)[0m
  [1m[35m (0.2ms)[0m  [1m[34mSELECT "schema_migrations"."version" FROM "schema_migrations" ORDER BY "schema_migrations"."version" ASC[0m
Processing by Rails::WelcomeController#index as HTML
  Rendering /Users/amelie.oller/.rvm/gems/ruby-2.6.1/gems/railties-6.0.2.1/lib/rails/templates/rails/welcome/index.html.erb
  Rendered /Users/amelie.oller/.rvm/gems/ruby-2.6.1/gems/railties-6.0.2.1/lib/rails/templates/rails/welcome/index.html.erb (Duration: 8.4ms | Allocations: 481)
Completed 200 OK in 23ms (Views: 16.8ms | ActiveRecord: 0.0ms | Allocations: 2642)


Started GET "/animals" for ::1 at 2020-02-05 12:03:23 -0800
Processing by AnimalsController#index as HTML
  [1m[36mAnimal Load (0.4ms)[0m  [1m[34mSELECT "animals".* FROM "animals"[0m
  ↳ app/controllers/animals_controller.rb:5:in `index'
Completed 200 OK in 13ms (Views: 3.6ms | ActiveRecord: 0.8ms | Allocations: 2402)


  [1m[35m (0.4ms)[0m  [1m[34mSELECT sqlite_version(*)[0m
  [1m[35m (0.1ms)[0m  [1m[36mbegin transaction[0m
  [1m[36mSpecies Create (0.8ms)[0m  [1m[32mINSERT INTO "species" ("name", "created_at", "updated_at") VALUES (?, ?, ?)[0m  [["name", "Dog"], ["created_at", "2020-02-05 20:03:48.637969"], ["updated_at", "2020-02-05 20:03:48.637969"]]
  [1m[35m (0.8ms)[0m  [1m[36mcommit transaction[0m
  [1m[36mSpecies Load (0.2ms)[0m  [1m[34mSELECT "species".* FROM "species" ORDER BY "species"."id" ASC LIMIT ?[0m  [["LIMIT", 1]]
  [1m[35m (0.2ms)[0m  [1m[36mbegin transaction[0m
  [1m[36mAnimal Create (0.5ms)[0m  [1m[32mINSERT INTO "animals" ("name", "gender", "species_id", "created_at", "updated_at") VALUES (?, ?, ?, ?, ?)[0m  [["name", "Fido"], ["gender", "male"], ["species_id", 1], ["created_at", "2020-02-05 20:04:11.225834"], ["updated_at", "2020-02-05 20:04:11.225834"]]
  [1m[35m (1.1ms)[0m  [1m[36mcommit transaction[0m
Started GET "/animals" for ::1 at 2020-02-05 12:04:19 -0800
Processing by AnimalsController#index as HTML
  [1m[36mAnimal Load (0.2ms)[0m  [1m[34mSELECT "animals".* FROM "animals"[0m
  ↳ app/controllers/animals_controller.rb:5:in `index'
Completed 200 OK in 6ms (Views: 5.6ms | ActiveRecord: 0.5ms | Allocations: 4579)


Started GET "/favicon.ico" for ::1 at 2020-02-05 12:04:20 -0800
  
ActionController::RoutingError (No route matches [GET] "/favicon.ico"):
  
actionpack (6.0.2.1) lib/action_dispatch/middleware/debug_exceptions.rb:36:in `call'
actionpack (6.0.2.1) lib/action_dispatch/middleware/show_exceptions.rb:33:in `call'
railties (6.0.2.1) lib/rails/rack/logger.rb:38:in `call_app'
railties (6.0.2.1) lib/rails/rack/logger.rb:26:in `block in call'
activesupport (6.0.2.1) lib/active_support/tagged_logging.rb:80:in `block in tagged'
activesupport (6.0.2.1) lib/active_support/tagged_logging.rb:28:in `tagged'
activesupport (6.0.2.1) lib/active_support/tagged_logging.rb:80:in `tagged'
railties (6.0.2.1) lib/rails/rack/logger.rb:26:in `call'
actionpack (6.0.2.1) lib/action_dispatch/middleware/remote_ip.rb:81:in `call'
actionpack (6.0.2.1) lib/action_dispatch/middleware/request_id.rb:27:in `call'
rack (2.1.2) lib/rack/runtime.rb:24:in `call'
activesupport (6.0.2.1) lib/active_support/cache/strategy/local_cache_middleware.rb:29:in `call'
actionpack (6.0.2.1) lib/action_dispatch/middleware/executor.rb:14:in `call'
actionpack (6.0.2.1) lib/action_dispatch/middleware/static.rb:126:in `call'
rack (2.1.2) lib/rack/sendfile.rb:113:in `call'
actionpack (6.0.2.1) lib/action_dispatch/middleware/host_authorization.rb:83:in `call'
rack-cors (1.1.1) lib/rack/cors.rb:100:in `call'
railties (6.0.2.1) lib/rails/engine.rb:526:in `call'
puma (4.3.1) lib/puma/configuration.rb:228:in `call'
puma (4.3.1) lib/puma/server.rb:681:in `handle_request'
puma (4.3.1) lib/puma/server.rb:472:in `process_client'
puma (4.3.1) lib/puma/server.rb:328:in `block in run'
puma (4.3.1) lib/puma/thread_pool.rb:134:in `block in spawn_thread'
Started GET "/animals" for ::1 at 2020-02-05 12:04:42 -0800
  [1m[35m (0.1ms)[0m  [1m[34mSELECT sqlite_version(*)[0m
Processing by AnimalsController#index as HTML
  [1m[36mAnimal Load (0.1ms)[0m  [1m[34mSELECT "animals".* FROM "animals"[0m
  ↳ app/controllers/animals_controller.rb:5:in `index'
Completed 200 OK in 9ms (Views: 6.3ms | ActiveRecord: 0.8ms | Allocations: 5416)


Started GET "/animals" for ::1 at 2020-02-05 12:04:44 -0800
Processing by AnimalsController#index as HTML
  [1m[36mAnimal Load (0.1ms)[0m  [1m[34mSELECT "animals".* FROM "animals"[0m
  ↳ app/controllers/animals_controller.rb:5:in `index'
Completed 200 OK in 2ms (Views: 1.5ms | ActiveRecord: 0.1ms | Allocations: 885)


Started GET "/animals" for ::1 at 2020-02-05 12:04:44 -0800
Processing by AnimalsController#index as HTML
  [1m[36mAnimal Load (0.1ms)[0m  [1m[34mSELECT "animals".* FROM "animals"[0m
  ↳ app/controllers/animals_controller.rb:5:in `index'
Completed 200 OK in 2ms (Views: 1.4ms | ActiveRecord: 0.1ms | Allocations: 885)


Started GET "/animals" for ::1 at 2020-02-05 12:04:57 -0800
  [1m[35m (0.6ms)[0m  [1m[34mSELECT sqlite_version(*)[0m
  [1m[35m (0.1ms)[0m  [1m[34mSELECT "schema_migrations"."version" FROM "schema_migrations" ORDER BY "schema_migrations"."version" ASC[0m
Processing by AnimalsController#index as HTML
  [1m[36mAnimal Load (0.1ms)[0m  [1m[34mSELECT "animals".* FROM "animals"[0m
  ↳ app/controllers/animals_controller.rb:5:in `index'
Completed 200 OK in 9ms (Views: 7.1ms | ActiveRecord: 0.5ms | Allocations: 5820)


Started GET "//1" for ::1 at 2020-02-05 12:05:00 -0800
  
ActionController::RoutingError (No route matches [GET] "/1"):
  
actionpack (6.0.2.1) lib/action_dispatch/middleware/debug_exceptions.rb:36:in `call'
actionpack (6.0.2.1) lib/action_dispatch/middleware/show_exceptions.rb:33:in `call'
railties (6.0.2.1) lib/rails/rack/logger.rb:38:in `call_app'
railties (6.0.2.1) lib/rails/rack/logger.rb:26:in `block in call'
activesupport (6.0.2.1) lib/active_support/tagged_logging.rb:80:in `block in tagged'
activesupport (6.0.2.1) lib/active_support/tagged_logging.rb:28:in `tagged'
activesupport (6.0.2.1) lib/active_support/tagged_logging.rb:80:in `tagged'
railties (6.0.2.1) lib/rails/rack/logger.rb:26:in `call'
actionpack (6.0.2.1) lib/action_dispatch/middleware/remote_ip.rb:81:in `call'
actionpack (6.0.2.1) lib/action_dispatch/middleware/request_id.rb:27:in `call'
rack (2.1.2) lib/rack/runtime.rb:24:in `call'
activesupport (6.0.2.1) lib/active_support/cache/strategy/local_cache_middleware.rb:29:in `call'
actionpack (6.0.2.1) lib/action_dispatch/middleware/executor.rb:14:in `call'
actionpack (6.0.2.1) lib/action_dispatch/middleware/static.rb:126:in `call'
rack (2.1.2) lib/rack/sendfile.rb:113:in `call'
actionpack (6.0.2.1) lib/action_dispatch/middleware/host_authorization.rb:83:in `call'
rack-cors (1.1.1) lib/rack/cors.rb:100:in `call'
railties (6.0.2.1) lib/rails/engine.rb:526:in `call'
puma (4.3.1) lib/puma/configuration.rb:228:in `call'
puma (4.3.1) lib/puma/server.rb:681:in `handle_request'
puma (4.3.1) lib/puma/server.rb:472:in `process_client'
puma (4.3.1) lib/puma/server.rb:328:in `block in run'
puma (4.3.1) lib/puma/thread_pool.rb:134:in `block in spawn_thread'
Started GET "/animals/1" for ::1 at 2020-02-05 12:05:03 -0800
Processing by AnimalsController#show as HTML
  Parameters: {"id"=>"1"}
Completed 204 No Content in 0ms (ActiveRecord: 0.0ms | Allocations: 34)


Started GET "/animals/1" for ::1 at 2020-02-05 12:05:12 -0800
Processing by AnimalsController#show as HTML
  Parameters: {"id"=>"1"}
Completed 204 No Content in 1ms (ActiveRecord: 0.0ms | Allocations: 27)


Started GET "/animals/1" for ::1 at 2020-02-05 12:05:49 -0800
  [1m[35m (0.1ms)[0m  [1m[34mSELECT sqlite_version(*)[0m
Processing by AnimalsController#show as HTML
  Parameters: {"id"=>"1"}
  [1m[36mAnimal Load (0.2ms)[0m  [1m[34mSELECT "animals".* FROM "animals" WHERE "animals"."id" = ? LIMIT ?[0m  [["id", 1], ["LIMIT", 1]]
  ↳ app/controllers/animals_controller.rb:10:in `show'
Completed 200 OK in 9ms (Views: 0.5ms | ActiveRecord: 0.7ms | Allocations: 5637)


Started GET "/animals/1" for ::1 at 2020-02-05 12:06:42 -0800
  [1m[35m (0.0ms)[0m  [1m[34mSELECT sqlite_version(*)[0m
Processing by AnimalsController#show as HTML
  Parameters: {"id"=>"1"}
  [1m[36mAnimal Load (0.2ms)[0m  [1m[34mSELECT "animals".* FROM "animals" WHERE "animals"."id" = ? LIMIT ?[0m  [["id", 1], ["LIMIT", 1]]
  ↳ app/controllers/animals_controller.rb:10:in `show'
Completed 200 OK in 9ms (Views: 0.3ms | ActiveRecord: 0.8ms | Allocations: 5231)


Started GET "/animals/1" for ::1 at 2020-02-05 12:06:43 -0800
Processing by AnimalsController#show as HTML
  Parameters: {"id"=>"1"}
  [1m[36mAnimal Load (0.3ms)[0m  [1m[34mSELECT "animals".* FROM "animals" WHERE "animals"."id" = ? LIMIT ?[0m  [["id", 1], ["LIMIT", 1]]
  ↳ app/controllers/animals_controller.rb:10:in `show'
Completed 200 OK in 2ms (Views: 0.6ms | ActiveRecord: 0.3ms | Allocations: 697)


Started GET "/animals/1" for ::1 at 2020-02-05 12:06:45 -0800
Processing by AnimalsController#show as HTML
  Parameters: {"id"=>"1"}
  [1m[36mAnimal Load (0.2ms)[0m  [1m[34mSELECT "animals".* FROM "animals" WHERE "animals"."id" = ? LIMIT ?[0m  [["id", 1], ["LIMIT", 1]]
  ↳ app/controllers/animals_controller.rb:10:in `show'
Completed 200 OK in 1ms (Views: 0.2ms | ActiveRecord: 0.2ms | Allocations: 697)


Started GET "/animals/1" for ::1 at 2020-02-05 12:06:56 -0800
Processing by AnimalsController#show as HTML
  Parameters: {"id"=>"1"}
  [1m[36mAnimal Load (0.1ms)[0m  [1m[34mSELECT "animals".* FROM "animals" WHERE "animals"."id" = ? LIMIT ?[0m  [["id", 1], ["LIMIT", 1]]
  ↳ app/controllers/animals_controller.rb:10:in `show'
Completed 200 OK in 3ms (Views: 0.4ms | ActiveRecord: 0.1ms | Allocations: 684)


Started GET "/animals/1" for ::1 at 2020-02-05 12:06:57 -0800
  [1m[35m (0.1ms)[0m  [1m[34mSELECT sqlite_version(*)[0m
Processing by AnimalsController#show as HTML
  Parameters: {"id"=>"1"}
  [1m[36mAnimal Load (0.2ms)[0m  [1m[34mSELECT "animals".* FROM "animals" WHERE "animals"."id" = ? LIMIT ?[0m  [["id", 1], ["LIMIT", 1]]
  ↳ app/controllers/animals_controller.rb:10:in `show'
Completed 200 OK in 11ms (Views: 0.3ms | ActiveRecord: 1.1ms | Allocations: 5181)


Started GET "/animals/1" for ::1 at 2020-02-05 12:08:32 -0800
  [1m[35m (0.0ms)[0m  [1m[34mSELECT sqlite_version(*)[0m
Processing by AnimalsController#show as HTML
  Parameters: {"id"=>"1"}
  [1m[36mAnimal Load (0.1ms)[0m  [1m[34mSELECT "animals".* FROM "animals" WHERE "animals"."id" = ? LIMIT ?[0m  [["id", 1], ["LIMIT", 1]]
  ↳ app/controllers/animals_controller.rb:10:in `show'
Completed 500 Internal Server Error in 12ms (ActiveRecord: 1.2ms | Allocations: 6512)


  
NameError (uninitialized constant AnimalsController::MovieSerializer):
  
app/controllers/animals_controller.rb:11:in `show'
Started GET "/animals/1" for ::1 at 2020-02-05 12:08:38 -0800
Processing by AnimalsController#show as HTML
  Parameters: {"id"=>"1"}
  [1m[36mAnimal Load (0.2ms)[0m  [1m[34mSELECT "animals".* FROM "animals" WHERE "animals"."id" = ? LIMIT ?[0m  [["id", 1], ["LIMIT", 1]]
  ↳ app/controllers/animals_controller.rb:10:in `show'
Completed 500 Internal Server Error in 7ms (ActiveRecord: 0.2ms | Allocations: 2014)


  
NameError (uninitialized constant AnimalsController::MovieSerializer):
  
app/controllers/animals_controller.rb:11:in `show'
Started GET "/animals/1" for ::1 at 2020-02-05 12:08:39 -0800
  [1m[35m (0.1ms)[0m  [1m[34mSELECT sqlite_version(*)[0m
Processing by AnimalsController#show as HTML
  Parameters: {"id"=>"1"}
  [1m[36mAnimal Load (0.1ms)[0m  [1m[34mSELECT "animals".* FROM "animals" WHERE "animals"."id" = ? LIMIT ?[0m  [["id", 1], ["LIMIT", 1]]
  ↳ app/controllers/animals_controller.rb:10:in `show'
Completed 200 OK in 10ms (Views: 0.1ms | ActiveRecord: 0.5ms | Allocations: 5599)


Started GET "/animals/1" for ::1 at 2020-02-05 13:18:02 -0800
  [1m[35m (1.5ms)[0m  [1m[34mSELECT sqlite_version(*)[0m
  [1m[35m (0.4ms)[0m  [1m[34mSELECT "schema_migrations"."version" FROM "schema_migrations" ORDER BY "schema_migrations"."version" ASC[0m
Processing by AnimalsController#show as HTML
  Parameters: {"id"=>"1"}
  [1m[36mAnimal Load (4.4ms)[0m  [1m[34mSELECT "animals".* FROM "animals" WHERE "animals"."id" = ? LIMIT ?[0m  [["id", 1], ["LIMIT", 1]]
  ↳ app/controllers/animals_controller.rb:10:in `show'
Completed 200 OK in 44ms (Views: 0.1ms | ActiveRecord: 4.9ms | Allocations: 6269)


Started GET "/favicon.ico" for ::1 at 2020-02-05 13:18:03 -0800
  
ActionController::RoutingError (No route matches [GET] "/favicon.ico"):
  
actionpack (6.0.2.1) lib/action_dispatch/middleware/debug_exceptions.rb:36:in `call'
actionpack (6.0.2.1) lib/action_dispatch/middleware/show_exceptions.rb:33:in `call'
railties (6.0.2.1) lib/rails/rack/logger.rb:38:in `call_app'
railties (6.0.2.1) lib/rails/rack/logger.rb:26:in `block in call'
activesupport (6.0.2.1) lib/active_support/tagged_logging.rb:80:in `block in tagged'
activesupport (6.0.2.1) lib/active_support/tagged_logging.rb:28:in `tagged'
activesupport (6.0.2.1) lib/active_support/tagged_logging.rb:80:in `tagged'
railties (6.0.2.1) lib/rails/rack/logger.rb:26:in `call'
actionpack (6.0.2.1) lib/action_dispatch/middleware/remote_ip.rb:81:in `call'
actionpack (6.0.2.1) lib/action_dispatch/middleware/request_id.rb:27:in `call'
rack (2.1.2) lib/rack/runtime.rb:24:in `call'
activesupport (6.0.2.1) lib/active_support/cache/strategy/local_cache_middleware.rb:29:in `call'
actionpack (6.0.2.1) lib/action_dispatch/middleware/executor.rb:14:in `call'
actionpack (6.0.2.1) lib/action_dispatch/middleware/static.rb:126:in `call'
rack (2.1.2) lib/rack/sendfile.rb:113:in `call'
actionpack (6.0.2.1) lib/action_dispatch/middleware/host_authorization.rb:83:in `call'
rack-cors (1.1.1) lib/rack/cors.rb:100:in `call'
railties (6.0.2.1) lib/rails/engine.rb:526:in `call'
puma (4.3.1) lib/puma/configuration.rb:228:in `call'
puma (4.3.1) lib/puma/server.rb:681:in `handle_request'
puma (4.3.1) lib/puma/server.rb:472:in `process_client'
puma (4.3.1) lib/puma/server.rb:328:in `block in run'
puma (4.3.1) lib/puma/thread_pool.rb:134:in `block in spawn_thread'
Started GET "/animals/1" for ::1 at 2020-02-05 13:18:29 -0800
Processing by AnimalsController#show as HTML
  Parameters: {"id"=>"1"}
  [1m[36mAnimal Load (0.2ms)[0m  [1m[34mSELECT "animals".* FROM "animals" WHERE "animals"."id" = ? LIMIT ?[0m  [["id", 1], ["LIMIT", 1]]
  ↳ app/controllers/animals_controller.rb:10:in `show'
Completed 200 OK in 2ms (Views: 0.1ms | ActiveRecord: 0.2ms | Allocations: 725)


Started GET "/animals/1" for ::1 at 2020-02-05 13:18:31 -0800
  [1m[35m (0.1ms)[0m  [1m[34mSELECT sqlite_version(*)[0m
Processing by AnimalsController#show as HTML
  Parameters: {"id"=>"1"}
  [1m[36mAnimal Load (0.1ms)[0m  [1m[34mSELECT "animals".* FROM "animals" WHERE "animals"."id" = ? LIMIT ?[0m  [["id", 1], ["LIMIT", 1]]
  ↳ app/controllers/animals_controller.rb:10:in `show'
Completed 200 OK in 9ms (Views: 0.5ms | ActiveRecord: 0.5ms | Allocations: 5289)


Started GET "/animals/1" for ::1 at 2020-02-05 13:18:54 -0800
  [1m[35m (0.0ms)[0m  [1m[34mSELECT sqlite_version(*)[0m
Processing by AnimalsController#show as HTML
  Parameters: {"id"=>"1"}
  [1m[36mAnimal Load (0.1ms)[0m  [1m[34mSELECT "animals".* FROM "animals" WHERE "animals"."id" = ? LIMIT ?[0m  [["id", 1], ["LIMIT", 1]]
  ↳ app/controllers/animals_controller.rb:10:in `show'
Completed 200 OK in 7ms (Views: 0.1ms | ActiveRecord: 0.5ms | Allocations: 5400)


Started GET "/animals/1" for ::1 at 2020-02-05 13:19:25 -0800
Processing by AnimalsController#show as HTML
  Parameters: {"id"=>"1"}
  [1m[36mAnimal Load (0.1ms)[0m  [1m[34mSELECT "animals".* FROM "animals" WHERE "animals"."id" = ? LIMIT ?[0m  [["id", 1], ["LIMIT", 1]]
  ↳ app/controllers/animals_controller.rb:10:in `show'
Completed 200 OK in 1ms (Views: 0.1ms | ActiveRecord: 0.1ms | Allocations: 687)


Started GET "/animals/1" for ::1 at 2020-02-05 13:19:40 -0800
  [1m[35m (0.1ms)[0m  [1m[34mSELECT sqlite_version(*)[0m
Processing by AnimalsController#show as HTML
  Parameters: {"id"=>"1"}
  [1m[36mAnimal Load (0.1ms)[0m  [1m[34mSELECT "animals".* FROM "animals" WHERE "animals"."id" = ? LIMIT ?[0m  [["id", 1], ["LIMIT", 1]]
  ↳ app/controllers/animals_controller.rb:10:in `show'
Completed 200 OK in 9ms (Views: 0.1ms | ActiveRecord: 0.5ms | Allocations: 5524)


Started GET "/animals/1" for ::1 at 2020-02-05 13:21:07 -0800
  [1m[35m (0.0ms)[0m  [1m[34mSELECT sqlite_version(*)[0m
Processing by AnimalsController#show as HTML
  Parameters: {"id"=>"1"}
  [1m[36mAnimal Load (0.1ms)[0m  [1m[34mSELECT "animals".* FROM "animals" WHERE "animals"."id" = ? LIMIT ?[0m  [["id", 1], ["LIMIT", 1]]
  ↳ app/controllers/animals_controller.rb:10:in `show'
Completed 200 OK in 14ms (Views: 0.1ms | ActiveRecord: 0.6ms | Allocations: 5564)


Started GET "/animals/1" for ::1 at 2020-02-05 13:21:08 -0800
Processing by AnimalsController#show as HTML
  Parameters: {"id"=>"1"}
  [1m[36mAnimal Load (0.1ms)[0m  [1m[34mSELECT "animals".* FROM "animals" WHERE "animals"."id" = ? LIMIT ?[0m  [["id", 1], ["LIMIT", 1]]
  ↳ app/controllers/animals_controller.rb:10:in `show'
Completed 200 OK in 1ms (Views: 0.1ms | ActiveRecord: 0.1ms | Allocations: 755)


Started GET "/animals/1" for ::1 at 2020-02-05 13:21:09 -0800
Processing by AnimalsController#show as HTML
  Parameters: {"id"=>"1"}
  [1m[36mAnimal Load (0.2ms)[0m  [1m[34mSELECT "animals".* FROM "animals" WHERE "animals"."id" = ? LIMIT ?[0m  [["id", 1], ["LIMIT", 1]]
  ↳ app/controllers/animals_controller.rb:10:in `show'
Completed 200 OK in 2ms (Views: 0.1ms | ActiveRecord: 0.2ms | Allocations: 755)


Started GET "/animals/" for ::1 at 2020-02-05 13:23:49 -0800
  [1m[35m (0.1ms)[0m  [1m[34mSELECT sqlite_version(*)[0m
  
SyntaxError (/Users/amelie.oller/code/Flatiron/cohorts/sfo-web-120919/30-rails-api-intro/backend/app/controllers/animals_controller.rb:11: syntax error, unexpected '}'
...ializer.new(animal, {include: }).serialized_json
...                              ^):
  
app/controllers/animals_controller.rb:11: syntax error, unexpected '}'
app/controllers/animals_controller.rb:11: syntax error, unexpected '}'
Started GET "/animals/1" for ::1 at 2020-02-05 13:24:06 -0800
  [1m[35m (0.1ms)[0m  [1m[34mSELECT sqlite_version(*)[0m
Processing by AnimalsController#show as HTML
  Parameters: {"id"=>"1"}
  [1m[36mAnimal Load (0.2ms)[0m  [1m[34mSELECT "animals".* FROM "animals" WHERE "animals"."id" = ? LIMIT ?[0m  [["id", 1], ["LIMIT", 1]]
  ↳ app/controllers/animals_controller.rb:10:in `show'
  [1m[36mSpecies Load (0.6ms)[0m  [1m[34mSELECT "species".* FROM "species" WHERE "species"."id" = ? LIMIT ?[0m  [["id", 1], ["LIMIT", 1]]
  ↳ app/controllers/animals_controller.rb:11:in `show'
  [1m[35m (0.6ms)[0m  [1m[34mSELECT "animals"."id" FROM "animals" WHERE "animals"."species_id" = ?[0m  [["species_id", 1]]
  ↳ app/controllers/animals_controller.rb:11:in `show'
Completed 200 OK in 46ms (Views: 0.1ms | ActiveRecord: 2.4ms | Allocations: 14906)


Started GET "/animals/1" for ::1 at 2020-02-05 13:26:03 -0800
  [1m[35m (0.6ms)[0m  [1m[34mSELECT sqlite_version(*)[0m
  [1m[35m (0.1ms)[0m  [1m[34mSELECT "schema_migrations"."version" FROM "schema_migrations" ORDER BY "schema_migrations"."version" ASC[0m
Processing by AnimalsController#show as HTML
  Parameters: {"id"=>"1"}
  [1m[36mAnimal Load (0.1ms)[0m  [1m[34mSELECT "animals".* FROM "animals" WHERE "animals"."id" = ? LIMIT ?[0m  [["id", 1], ["LIMIT", 1]]
  ↳ app/controllers/animals_controller.rb:10:in `show'
[active_model_serializers] Rendered AnimalSerializer with ActiveModelSerializers::Adapter::Attributes (0.49ms)
Completed 200 OK in 27ms (Views: 18.5ms | ActiveRecord: 0.5ms | Allocations: 8673)


Started GET "/animals/1" for ::1 at 2020-02-05 13:26:18 -0800
Processing by AnimalsController#show as HTML
  Parameters: {"id"=>"1"}
  [1m[36mAnimal Load (0.2ms)[0m  [1m[34mSELECT "animals".* FROM "animals" WHERE "animals"."id" = ? LIMIT ?[0m  [["id", 1], ["LIMIT", 1]]
  ↳ app/controllers/animals_controller.rb:10:in `show'
[active_model_serializers] Rendered AnimalSerializer with ActiveModelSerializers::Adapter::Attributes (0.25ms)
Completed 200 OK in 2ms (Views: 0.6ms | ActiveRecord: 0.2ms | Allocations: 743)


Started GET "/animals/1" for ::1 at 2020-02-05 13:26:19 -0800
  [1m[35m (0.0ms)[0m  [1m[34mSELECT sqlite_version(*)[0m
Processing by AnimalsController#show as HTML
  Parameters: {"id"=>"1"}
  [1m[36mAnimal Load (0.2ms)[0m  [1m[34mSELECT "animals".* FROM "animals" WHERE "animals"."id" = ? LIMIT ?[0m  [["id", 1], ["LIMIT", 1]]
  ↳ app/controllers/animals_controller.rb:10:in `show'
[active_model_serializers]   [1m[36mSpecies Load (0.1ms)[0m  [1m[34mSELECT "species".* FROM "species" WHERE "species"."id" = ? LIMIT ?[0m  [["id", 1], ["LIMIT", 1]]
[active_model_serializers]   ↳ app/controllers/animals_controller.rb:11:in `show'
[active_model_serializers] Rendered AnimalSerializer with ActiveModelSerializers::Adapter::Attributes (25.33ms)
Completed 200 OK in 52ms (Views: 43.8ms | ActiveRecord: 1.1ms | Allocations: 13625)


Started GET "/animals/1" for ::1 at 2020-02-05 13:29:03 -0800
  [1m[35m (0.1ms)[0m  [1m[34mSELECT sqlite_version(*)[0m
Processing by AnimalsController#show as HTML
  Parameters: {"id"=>"1"}
  [1m[36mAnimal Load (0.1ms)[0m  [1m[34mSELECT "animals".* FROM "animals" WHERE "animals"."id" = ? LIMIT ?[0m  [["id", 1], ["LIMIT", 1]]
  ↳ app/controllers/animals_controller.rb:10:in `show'
[active_model_serializers]   [1m[36mSpecies Load (0.1ms)[0m  [1m[34mSELECT "species".* FROM "species" WHERE "species"."id" = ? LIMIT ?[0m  [["id", 1], ["LIMIT", 1]]
[active_model_serializers]   ↳ app/controllers/animals_controller.rb:11:in `show'
[active_model_serializers] Rendered AnimalSerializer with ActiveModelSerializers::Adapter::Attributes (7.78ms)
Completed 200 OK in 16ms (Views: 8.5ms | ActiveRecord: 1.3ms | Allocations: 10423)


Started GET "/animals" for ::1 at 2020-02-05 13:29:59 -0800
  [1m[35m (0.0ms)[0m  [1m[34mSELECT sqlite_version(*)[0m
Processing by AnimalsController#index as HTML
  [1m[36mAnimal Load (0.1ms)[0m  [1m[34mSELECT "animals".* FROM "animals"[0m
  ↳ app/controllers/animals_controller.rb:5:in `index'
[active_model_serializers]   [1m[36mSpecies Load (0.1ms)[0m  [1m[34mSELECT "species".* FROM "species" WHERE "species"."id" = ? LIMIT ?[0m  [["id", 1], ["LIMIT", 1]]
[active_model_serializers]   ↳ app/controllers/animals_controller.rb:5:in `index'
[active_model_serializers] Rendered ActiveModel::Serializer::CollectionSerializer with ActiveModelSerializers::Adapter::Attributes (7.39ms)
Completed 200 OK in 17ms (Views: 13.7ms | ActiveRecord: 1.3ms | Allocations: 10701)


Started GET "/animals/" for ::1 at 2020-02-05 13:37:32 -0800
  [1m[35m (0.1ms)[0m  [1m[34mSELECT sqlite_version(*)[0m
Processing by AnimalsController#index as */*
  [1m[36mAnimal Load (0.2ms)[0m  [1m[34mSELECT "animals".* FROM "animals"[0m
  ↳ app/controllers/animals_controller.rb:6:in `index'
[active_model_serializers]   [1m[36mSpecies Load (0.2ms)[0m  [1m[34mSELECT "species".* FROM "species" WHERE "species"."id" = ? LIMIT ?[0m  [["id", 1], ["LIMIT", 1]]
[active_model_serializers]   ↳ app/controllers/animals_controller.rb:6:in `index'
[active_model_serializers] Rendered ActiveModel::Serializer::CollectionSerializer with ActiveModelSerializers::Adapter::Attributes (14.18ms)
Completed 200 OK in 30ms (Views: 24.6ms | ActiveRecord: 0.4ms | Allocations: 10088)


Started GET "/animals/" for ::1 at 2020-02-05 13:51:50 -0800
  [1m[35m (0.1ms)[0m  [1m[34mSELECT sqlite_version(*)[0m
Processing by AnimalsController#index as */*
  [1m[36mAnimal Load (0.1ms)[0m  [1m[34mSELECT "animals".* FROM "animals"[0m
  ↳ app/controllers/animals_controller.rb:6:in `index'
[active_model_serializers]   [1m[36mSpecies Load (0.2ms)[0m  [1m[34mSELECT "species".* FROM "species" WHERE "species"."id" = ? LIMIT ?[0m  [["id", 1], ["LIMIT", 1]]
[active_model_serializers]   ↳ app/controllers/animals_controller.rb:6:in `index'
[active_model_serializers] Rendered ActiveModel::Serializer::CollectionSerializer with ActiveModelSerializers::Adapter::Attributes (2.57ms)
Completed 200 OK in 5ms (Views: 4.2ms | ActiveRecord: 0.3ms | Allocations: 2348)


Started GET "/animals/" for ::1 at 2020-02-05 13:57:45 -0800
  [1m[35m (0.1ms)[0m  [1m[34mSELECT sqlite_version(*)[0m
Processing by AnimalsController#index as */*
  [1m[36mAnimal Load (0.1ms)[0m  [1m[34mSELECT "animals".* FROM "animals"[0m
  ↳ app/controllers/animals_controller.rb:6:in `index'
[active_model_serializers]   [1m[36mSpecies Load (0.2ms)[0m  [1m[34mSELECT "species".* FROM "species" WHERE "species"."id" = ? LIMIT ?[0m  [["id", 1], ["LIMIT", 1]]
[active_model_serializers]   ↳ app/controllers/animals_controller.rb:6:in `index'
[active_model_serializers] Rendered ActiveModel::Serializer::CollectionSerializer with ActiveModelSerializers::Adapter::Attributes (2.81ms)
Completed 200 OK in 5ms (Views: 4.1ms | ActiveRecord: 0.3ms | Allocations: 2361)


Started GET "/animals/" for ::1 at 2020-02-05 13:59:59 -0800
Processing by AnimalsController#index as */*
  [1m[36mAnimal Load (0.1ms)[0m  [1m[34mSELECT "animals".* FROM "animals"[0m
  ↳ app/controllers/animals_controller.rb:6:in `index'
[active_model_serializers]   [1m[36mSpecies Load (0.1ms)[0m  [1m[34mSELECT "species".* FROM "species" WHERE "species"."id" = ? LIMIT ?[0m  [["id", 1], ["LIMIT", 1]]
[active_model_serializers]   ↳ app/controllers/animals_controller.rb:6:in `index'
[active_model_serializers] Rendered ActiveModel::Serializer::CollectionSerializer with ActiveModelSerializers::Adapter::Attributes (2.57ms)
Completed 200 OK in 4ms (Views: 3.6ms | ActiveRecord: 0.2ms | Allocations: 2315)


Started GET "/animals/" for ::1 at 2020-02-05 14:00:29 -0800
Processing by AnimalsController#index as */*
  [1m[36mAnimal Load (0.1ms)[0m  [1m[34mSELECT "animals".* FROM "animals"[0m
  ↳ app/controllers/animals_controller.rb:6:in `index'
[active_model_serializers]   [1m[36mSpecies Load (0.1ms)[0m  [1m[34mSELECT "species".* FROM "species" WHERE "species"."id" = ? LIMIT ?[0m  [["id", 1], ["LIMIT", 1]]
[active_model_serializers]   ↳ app/controllers/animals_controller.rb:6:in `index'
[active_model_serializers] Rendered ActiveModel::Serializer::CollectionSerializer with ActiveModelSerializers::Adapter::Attributes (1.48ms)
Completed 200 OK in 3ms (Views: 2.4ms | ActiveRecord: 0.2ms | Allocations: 2315)


Started GET "/animals/" for ::1 at 2020-02-05 14:00:55 -0800
Processing by AnimalsController#index as */*
  [1m[36mAnimal Load (0.1ms)[0m  [1m[34mSELECT "animals".* FROM "animals"[0m
  ↳ app/controllers/animals_controller.rb:6:in `index'
[active_model_serializers]   [1m[36mSpecies Load (0.1ms)[0m  [1m[34mSELECT "species".* FROM "species" WHERE "species"."id" = ? LIMIT ?[0m  [["id", 1], ["LIMIT", 1]]
[active_model_serializers]   ↳ app/controllers/animals_controller.rb:6:in `index'
[active_model_serializers] Rendered ActiveModel::Serializer::CollectionSerializer with ActiveModelSerializers::Adapter::Attributes (2.74ms)
Completed 200 OK in 4ms (Views: 4.0ms | ActiveRecord: 0.2ms | Allocations: 2315)


Started GET "/animals/" for ::1 at 2020-02-05 14:01:32 -0800
Processing by AnimalsController#index as */*
  [1m[36mAnimal Load (0.1ms)[0m  [1m[34mSELECT "animals".* FROM "animals"[0m
  ↳ app/controllers/animals_controller.rb:6:in `index'
[active_model_serializers]   [1m[36mSpecies Load (0.1ms)[0m  [1m[34mSELECT "species".* FROM "species" WHERE "species"."id" = ? LIMIT ?[0m  [["id", 1], ["LIMIT", 1]]
[active_model_serializers]   ↳ app/controllers/animals_controller.rb:6:in `index'
[active_model_serializers] Rendered ActiveModel::Serializer::CollectionSerializer with ActiveModelSerializers::Adapter::Attributes (2.47ms)
Completed 200 OK in 5ms (Views: 4.2ms | ActiveRecord: 0.2ms | Allocations: 2315)


  [1m[35m (0.4ms)[0m  [1m[34mSELECT sqlite_version(*)[0m
  [1m[36mSpecies Load (0.1ms)[0m  [1m[34mSELECT "species".* FROM "species" ORDER BY "species"."id" ASC LIMIT ?[0m  [["LIMIT", 1]]
  [1m[35m (0.1ms)[0m  [1m[36mbegin transaction[0m
  [1m[36mAnimal Create (1.5ms)[0m  [1m[32mINSERT INTO "animals" ("name", "gender", "species_id", "created_at", "updated_at") VALUES (?, ?, ?, ?, ?)[0m  [["name", "Pixel"], ["gender", "female"], ["species_id", 1], ["created_at", "2020-02-05 22:02:36.111622"], ["updated_at", "2020-02-05 22:02:36.111622"]]
  [1m[35m (1.0ms)[0m  [1m[36mcommit transaction[0m
Started GET "/animals/" for ::1 at 2020-02-05 14:02:39 -0800
Processing by AnimalsController#index as */*
  [1m[36mAnimal Load (0.1ms)[0m  [1m[34mSELECT "animals".* FROM "animals"[0m
  ↳ app/controllers/animals_controller.rb:6:in `index'
[active_model_serializers]   [1m[36mSpecies Load (0.1ms)[0m  [1m[34mSELECT "species".* FROM "species" WHERE "species"."id" = ? LIMIT ?[0m  [["id", 1], ["LIMIT", 1]]
[active_model_serializers]   ↳ app/controllers/animals_controller.rb:6:in `index'
[active_model_serializers]   [1m[36mCACHE Species Load (0.0ms)[0m  [1m[34mSELECT "species".* FROM "species" WHERE "species"."id" = ? LIMIT ?[0m  [["id", 1], ["LIMIT", 1]]
[active_model_serializers]   ↳ app/controllers/animals_controller.rb:6:in `index'
[active_model_serializers] Rendered ActiveModel::Serializer::CollectionSerializer with ActiveModelSerializers::Adapter::Attributes (3.67ms)
Completed 200 OK in 5ms (Views: 4.7ms | ActiveRecord: 0.2ms | Allocations: 3674)


Started GET "/animals/" for ::1 at 2020-02-05 14:02:44 -0800
Processing by AnimalsController#index as */*
  [1m[36mAnimal Load (0.1ms)[0m  [1m[34mSELECT "animals".* FROM "animals"[0m
  ↳ app/controllers/animals_controller.rb:6:in `index'
[active_model_serializers]   [1m[36mSpecies Load (0.1ms)[0m  [1m[34mSELECT "species".* FROM "species" WHERE "species"."id" = ? LIMIT ?[0m  [["id", 1], ["LIMIT", 1]]
[active_model_serializers]   ↳ app/controllers/animals_controller.rb:6:in `index'
[active_model_serializers]   [1m[36mCACHE Species Load (0.0ms)[0m  [1m[34mSELECT "species".* FROM "species" WHERE "species"."id" = ? LIMIT ?[0m  [["id", 1], ["LIMIT", 1]]
[active_model_serializers]   ↳ app/controllers/animals_controller.rb:6:in `index'
[active_model_serializers] Rendered ActiveModel::Serializer::CollectionSerializer with ActiveModelSerializers::Adapter::Attributes (3.95ms)
Completed 200 OK in 16ms (Views: 15.8ms | ActiveRecord: 0.2ms | Allocations: 3677)


Started GET "/animals/" for ::1 at 2020-02-05 14:03:35 -0800
Processing by AnimalsController#index as */*
  [1m[36mAnimal Load (0.1ms)[0m  [1m[34mSELECT "animals".* FROM "animals"[0m
  ↳ app/controllers/animals_controller.rb:6:in `index'
[active_model_serializers]   [1m[36mSpecies Load (0.1ms)[0m  [1m[34mSELECT "species".* FROM "species" WHERE "species"."id" = ? LIMIT ?[0m  [["id", 1], ["LIMIT", 1]]
[active_model_serializers]   ↳ app/controllers/animals_controller.rb:6:in `index'
[active_model_serializers]   [1m[36mCACHE Species Load (0.0ms)[0m  [1m[34mSELECT "species".* FROM "species" WHERE "species"."id" = ? LIMIT ?[0m  [["id", 1], ["LIMIT", 1]]
[active_model_serializers]   ↳ app/controllers/animals_controller.rb:6:in `index'
[active_model_serializers] Rendered ActiveModel::Serializer::CollectionSerializer with ActiveModelSerializers::Adapter::Attributes (4.09ms)
Completed 200 OK in 6ms (Views: 5.6ms | ActiveRecord: 0.3ms | Allocations: 3673)


Started GET "/animals/" for ::1 at 2020-02-05 14:04:03 -0800
Processing by AnimalsController#index as */*
  [1m[36mAnimal Load (0.1ms)[0m  [1m[34mSELECT "animals".* FROM "animals"[0m
  ↳ app/controllers/animals_controller.rb:6:in `index'
[active_model_serializers]   [1m[36mSpecies Load (0.1ms)[0m  [1m[34mSELECT "species".* FROM "species" WHERE "species"."id" = ? LIMIT ?[0m  [["id", 1], ["LIMIT", 1]]
[active_model_serializers]   ↳ app/controllers/animals_controller.rb:6:in `index'
[active_model_serializers]   [1m[36mCACHE Species Load (0.0ms)[0m  [1m[34mSELECT "species".* FROM "species" WHERE "species"."id" = ? LIMIT ?[0m  [["id", 1], ["LIMIT", 1]]
[active_model_serializers]   ↳ app/controllers/animals_controller.rb:6:in `index'
[active_model_serializers] Rendered ActiveModel::Serializer::CollectionSerializer with ActiveModelSerializers::Adapter::Attributes (4.85ms)
Completed 200 OK in 7ms (Views: 6.9ms | ActiveRecord: 0.3ms | Allocations: 3673)


Started GET "/animals/" for ::1 at 2020-02-05 14:06:10 -0800
Processing by AnimalsController#index as */*
  [1m[36mAnimal Load (0.1ms)[0m  [1m[34mSELECT "animals".* FROM "animals"[0m
  ↳ app/controllers/animals_controller.rb:6:in `index'
[active_model_serializers]   [1m[36mSpecies Load (0.1ms)[0m  [1m[34mSELECT "species".* FROM "species" WHERE "species"."id" = ? LIMIT ?[0m  [["id", 1], ["LIMIT", 1]]
[active_model_serializers]   ↳ app/controllers/animals_controller.rb:6:in `index'
[active_model_serializers]   [1m[36mCACHE Species Load (0.0ms)[0m  [1m[34mSELECT "species".* FROM "species" WHERE "species"."id" = ? LIMIT ?[0m  [["id", 1], ["LIMIT", 1]]
[active_model_serializers]   ↳ app/controllers/animals_controller.rb:6:in `index'
[active_model_serializers] Rendered ActiveModel::Serializer::CollectionSerializer with ActiveModelSerializers::Adapter::Attributes (5.96ms)
Completed 200 OK in 8ms (Views: 7.3ms | ActiveRecord: 0.2ms | Allocations: 3673)


Started GET "/animals/" for ::1 at 2020-02-05 14:06:30 -0800
Processing by AnimalsController#index as */*
  [1m[36mAnimal Load (0.2ms)[0m  [1m[34mSELECT "animals".* FROM "animals"[0m
  ↳ app/controllers/animals_controller.rb:6:in `index'
[active_model_serializers]   [1m[36mSpecies Load (0.1ms)[0m  [1m[34mSELECT "species".* FROM "species" WHERE "species"."id" = ? LIMIT ?[0m  [["id", 1], ["LIMIT", 1]]
[active_model_serializers]   ↳ app/controllers/animals_controller.rb:6:in `index'
[active_model_serializers]   [1m[36mCACHE Species Load (0.0ms)[0m  [1m[34mSELECT "species".* FROM "species" WHERE "species"."id" = ? LIMIT ?[0m  [["id", 1], ["LIMIT", 1]]
[active_model_serializers]   ↳ app/controllers/animals_controller.rb:6:in `index'
[active_model_serializers] Rendered ActiveModel::Serializer::CollectionSerializer with ActiveModelSerializers::Adapter::Attributes (4.1ms)
Completed 200 OK in 6ms (Views: 5.4ms | ActiveRecord: 0.3ms | Allocations: 3674)


Started GET "/animals/" for ::1 at 2020-02-05 14:08:56 -0800
Processing by AnimalsController#index as */*
  [1m[36mAnimal Load (0.4ms)[0m  [1m[34mSELECT "animals".* FROM "animals"[0m
  ↳ app/controllers/animals_controller.rb:6:in `index'
[active_model_serializers]   [1m[36mSpecies Load (0.1ms)[0m  [1m[34mSELECT "species".* FROM "species" WHERE "species"."id" = ? LIMIT ?[0m  [["id", 1], ["LIMIT", 1]]
[active_model_serializers]   ↳ app/controllers/animals_controller.rb:6:in `index'
[active_model_serializers]   [1m[36mCACHE Species Load (0.0ms)[0m  [1m[34mSELECT "species".* FROM "species" WHERE "species"."id" = ? LIMIT ?[0m  [["id", 1], ["LIMIT", 1]]
[active_model_serializers]   ↳ app/controllers/animals_controller.rb:6:in `index'
[active_model_serializers] Rendered ActiveModel::Serializer::CollectionSerializer with ActiveModelSerializers::Adapter::Attributes (4.69ms)
Completed 200 OK in 7ms (Views: 6.5ms | ActiveRecord: 0.5ms | Allocations: 3673)


Started GET "/animals/" for ::1 at 2020-02-05 14:09:22 -0800
Processing by AnimalsController#index as */*
  [1m[36mAnimal Load (0.1ms)[0m  [1m[34mSELECT "animals".* FROM "animals"[0m
  ↳ app/controllers/animals_controller.rb:6:in `index'
[active_model_serializers]   [1m[36mSpecies Load (0.1ms)[0m  [1m[34mSELECT "species".* FROM "species" WHERE "species"."id" = ? LIMIT ?[0m  [["id", 1], ["LIMIT", 1]]
[active_model_serializers]   ↳ app/controllers/animals_controller.rb:6:in `index'
[active_model_serializers]   [1m[36mCACHE Species Load (0.0ms)[0m  [1m[34mSELECT "species".* FROM "species" WHERE "species"."id" = ? LIMIT ?[0m  [["id", 1], ["LIMIT", 1]]
[active_model_serializers]   ↳ app/controllers/animals_controller.rb:6:in `index'
[active_model_serializers] Rendered ActiveModel::Serializer::CollectionSerializer with ActiveModelSerializers::Adapter::Attributes (3.24ms)
Completed 200 OK in 5ms (Views: 4.6ms | ActiveRecord: 0.2ms | Allocations: 3673)


Started GET "/animals/" for ::1 at 2020-02-05 14:09:48 -0800
Processing by AnimalsController#index as */*
  [1m[36mAnimal Load (0.1ms)[0m  [1m[34mSELECT "animals".* FROM "animals"[0m
  ↳ app/controllers/animals_controller.rb:6:in `index'
[active_model_serializers]   [1m[36mSpecies Load (0.1ms)[0m  [1m[34mSELECT "species".* FROM "species" WHERE "species"."id" = ? LIMIT ?[0m  [["id", 1], ["LIMIT", 1]]
[active_model_serializers]   ↳ app/controllers/animals_controller.rb:6:in `index'
[active_model_serializers]   [1m[36mCACHE Species Load (0.0ms)[0m  [1m[34mSELECT "species".* FROM "species" WHERE "species"."id" = ? LIMIT ?[0m  [["id", 1], ["LIMIT", 1]]
[active_model_serializers]   ↳ app/controllers/animals_controller.rb:6:in `index'
[active_model_serializers] Rendered ActiveModel::Serializer::CollectionSerializer with ActiveModelSerializers::Adapter::Attributes (4.12ms)
Completed 200 OK in 6ms (Views: 5.5ms | ActiveRecord: 0.3ms | Allocations: 3673)


Started GET "/animals/" for ::1 at 2020-02-05 14:26:17 -0800
  [1m[35m (0.1ms)[0m  [1m[34mSELECT sqlite_version(*)[0m
Processing by AnimalsController#index as */*
  [1m[36mAnimal Load (0.1ms)[0m  [1m[34mSELECT "animals".* FROM "animals"[0m
  ↳ app/controllers/animals_controller.rb:6:in `index'
[active_model_serializers]   [1m[36mSpecies Load (0.1ms)[0m  [1m[34mSELECT "species".* FROM "species" WHERE "species"."id" = ? LIMIT ?[0m  [["id", 1], ["LIMIT", 1]]
[active_model_serializers]   ↳ app/controllers/animals_controller.rb:6:in `index'
[active_model_serializers]   [1m[36mCACHE Species Load (0.0ms)[0m  [1m[34mSELECT "species".* FROM "species" WHERE "species"."id" = ? LIMIT ?[0m  [["id", 1], ["LIMIT", 1]]
[active_model_serializers]   ↳ app/controllers/animals_controller.rb:6:in `index'
[active_model_serializers] Rendered ActiveModel::Serializer::CollectionSerializer with ActiveModelSerializers::Adapter::Attributes (6.95ms)
Completed 200 OK in 8ms (Views: 8.0ms | ActiveRecord: 0.3ms | Allocations: 3706)


Started GET "/animals/" for ::1 at 2020-02-05 14:26:39 -0800
Processing by AnimalsController#index as */*
  [1m[36mAnimal Load (0.1ms)[0m  [1m[34mSELECT "animals".* FROM "animals"[0m
  ↳ app/controllers/animals_controller.rb:6:in `index'
[active_model_serializers]   [1m[36mSpecies Load (0.2ms)[0m  [1m[34mSELECT "species".* FROM "species" WHERE "species"."id" = ? LIMIT ?[0m  [["id", 1], ["LIMIT", 1]]
[active_model_serializers]   ↳ app/controllers/animals_controller.rb:6:in `index'
[active_model_serializers]   [1m[36mCACHE Species Load (0.0ms)[0m  [1m[34mSELECT "species".* FROM "species" WHERE "species"."id" = ? LIMIT ?[0m  [["id", 1], ["LIMIT", 1]]
[active_model_serializers]   ↳ app/controllers/animals_controller.rb:6:in `index'
[active_model_serializers] Rendered ActiveModel::Serializer::CollectionSerializer with ActiveModelSerializers::Adapter::Attributes (4.99ms)
Completed 200 OK in 7ms (Views: 6.2ms | ActiveRecord: 0.4ms | Allocations: 3673)


Started GET "/animals/" for ::1 at 2020-02-05 14:27:10 -0800
Processing by AnimalsController#index as */*
  [1m[36mAnimal Load (0.3ms)[0m  [1m[34mSELECT "animals".* FROM "animals"[0m
  ↳ app/controllers/animals_controller.rb:6:in `index'
[active_model_serializers]   [1m[36mSpecies Load (0.1ms)[0m  [1m[34mSELECT "species".* FROM "species" WHERE "species"."id" = ? LIMIT ?[0m  [["id", 1], ["LIMIT", 1]]
[active_model_serializers]   ↳ app/controllers/animals_controller.rb:6:in `index'
[active_model_serializers]   [1m[36mCACHE Species Load (0.0ms)[0m  [1m[34mSELECT "species".* FROM "species" WHERE "species"."id" = ? LIMIT ?[0m  [["id", 1], ["LIMIT", 1]]
[active_model_serializers]   ↳ app/controllers/animals_controller.rb:6:in `index'
[active_model_serializers] Rendered ActiveModel::Serializer::CollectionSerializer with ActiveModelSerializers::Adapter::Attributes (4.36ms)
Completed 200 OK in 6ms (Views: 5.6ms | ActiveRecord: 0.4ms | Allocations: 3673)


Started POST "/animals/" for ::1 at 2020-02-05 14:27:25 -0800
Processing by AnimalsController#create as JSON
  Parameters: {"animal"=>{"name"=>"Bob", "gender"=>"unknown", "species"=>"Pig"}}
Completed 204 No Content in 98366ms (ActiveRecord: 0.0ms | Allocations: 56488)


Started GET "/animals/" for ::1 at 2020-02-05 14:29:04 -0800
Started GET "/animals/" for ::1 at 2020-02-05 14:29:04 -0800
Started POST "/animals/" for ::1 at 2020-02-05 14:29:04 -0800
Started GET "/animals/" for ::1 at 2020-02-05 14:29:04 -0800
Started GET "/animals/" for ::1 at 2020-02-05 14:29:04 -0800
  [1m[35m (0.1ms)[0m  [1m[34mSELECT sqlite_version(*)[0m
  [1m[35m (0.1ms)[0m  [1m[34mSELECT sqlite_version(*)[0m
Processing by AnimalsController#create as JSON
  [1m[35m (0.1ms)[0m  [1m[34mSELECT sqlite_version(*)[0m
  Parameters: {"animal"=>{"name"=>"Bob", "gender"=>"unknown", "species"=>"Pig"}}
Processing by AnimalsController#index as */*
Processing by AnimalsController#index as */*
Processing by AnimalsController#index as */*
  [1m[35m (0.1ms)[0m  [1m[34mSELECT sqlite_version(*)[0m
Completed 204 No Content in 1115ms (ActiveRecord: 0.0ms | Allocations: 4643)


Processing by AnimalsController#index as */*
  [1m[36mAnimal Load (0.2ms)[0m  [1m[34mSELECT "animals".* FROM "animals"[0m
  [1m[36mAnimal Load (0.3ms)[0m  [1m[34mSELECT "animals".* FROM "animals"[0m
  [1m[36mAnimal Load (0.2ms)[0m  [1m[34mSELECT "animals".* FROM "animals"[0m
  ↳ app/controllers/animals_controller.rb:6:in `index'
[active_model_serializers]   [1m[36mSpecies Load (0.1ms)[0m  [1m[34mSELECT "species".* FROM "species" WHERE "species"."id" = ? LIMIT ?[0m  [["id", 1], ["LIMIT", 1]]
  ↳ app/controllers/animals_controller.rb:6:in `index'
[active_model_serializers]   [1m[36mSpecies Load (0.2ms)[0m  [1m[34mSELECT "species".* FROM "species" WHERE "species"."id" = ? LIMIT ?[0m  [["id", 1], ["LIMIT", 1]]
  ↳ app/controllers/animals_controller.rb:6:in `index'
  [1m[36mAnimal Load (0.2ms)[0m  [1m[34mSELECT "animals".* FROM "animals"[0m
[active_model_serializers]   ↳ app/controllers/animals_controller.rb:6:in `index'
[active_model_serializers]   [1m[36mSpecies Load (0.2ms)[0m  [1m[34mSELECT "species".* FROM "species" WHERE "species"."id" = ? LIMIT ?[0m  [["id", 1], ["LIMIT", 1]]
  ↳ app/controllers/animals_controller.rb:6:in `index'
[active_model_serializers]   [1m[36mSpecies Load (0.2ms)[0m  [1m[34mSELECT "species".* FROM "species" WHERE "species"."id" = ? LIMIT ?[0m  [["id", 1], ["LIMIT", 1]]
[active_model_serializers]   [1m[36mCACHE Species Load (0.0ms)[0m  [1m[34mSELECT "species".* FROM "species" WHERE "species"."id" = ? LIMIT ?[0m  [["id", 1], ["LIMIT", 1]]
[active_model_serializers]   ↳ app/controllers/animals_controller.rb:6:in `index'
[active_model_serializers]   ↳ app/controllers/animals_controller.rb:6:in `index'
[active_model_serializers]   ↳ app/controllers/animals_controller.rb:6:in `index'
[active_model_serializers]   ↳ app/controllers/animals_controller.rb:6:in `index'
[active_model_serializers]   [1m[36mCACHE Species Load (0.0ms)[0m  [1m[34mSELECT "species".* FROM "species" WHERE "species"."id" = ? LIMIT ?[0m  [["id", 1], ["LIMIT", 1]]
[active_model_serializers] Rendered ActiveModel::Serializer::CollectionSerializer with ActiveModelSerializers::Adapter::Attributes (13.26ms)
[active_model_serializers]   [1m[36mCACHE Species Load (0.0ms)[0m  [1m[34mSELECT "species".* FROM "species" WHERE "species"."id" = ? LIMIT ?[0m  [["id", 1], ["LIMIT", 1]]
[active_model_serializers]   ↳ app/controllers/animals_controller.rb:6:in `index'
[active_model_serializers]   [1m[36mCACHE Species Load (0.0ms)[0m  [1m[34mSELECT "species".* FROM "species" WHERE "species"."id" = ? LIMIT ?[0m  [["id", 1], ["LIMIT", 1]]
Completed 200 OK in 24ms (Views: 23.5ms | ActiveRecord: 0.4ms | Allocations: 12742)


[active_model_serializers] Rendered ActiveModel::Serializer::CollectionSerializer with ActiveModelSerializers::Adapter::Attributes (13.07ms)
Completed 200 OK in 30ms (Views: 29.5ms | ActiveRecord: 0.5ms | Allocations: 15417)


[active_model_serializers]   ↳ app/controllers/animals_controller.rb:6:in `index'
[active_model_serializers] Rendered ActiveModel::Serializer::CollectionSerializer with ActiveModelSerializers::Adapter::Attributes (21.54ms)
Completed 200 OK in 29ms (Views: 28.4ms | ActiveRecord: 0.3ms | Allocations: 15641)


[active_model_serializers]   ↳ app/controllers/animals_controller.rb:6:in `index'
[active_model_serializers] Rendered ActiveModel::Serializer::CollectionSerializer with ActiveModelSerializers::Adapter::Attributes (16.04ms)
Completed 200 OK in 28ms (Views: 27.8ms | ActiveRecord: 0.4ms | Allocations: 14941)


Started GET "/animals/" for ::1 at 2020-02-05 14:29:08 -0800
  [1m[35m (0.1ms)[0m  [1m[34mSELECT sqlite_version(*)[0m
Processing by AnimalsController#index as */*
  [1m[36mAnimal Load (0.2ms)[0m  [1m[34mSELECT "animals".* FROM "animals"[0m
  ↳ app/controllers/animals_controller.rb:6:in `index'
[active_model_serializers]   [1m[36mSpecies Load (0.1ms)[0m  [1m[34mSELECT "species".* FROM "species" WHERE "species"."id" = ? LIMIT ?[0m  [["id", 1], ["LIMIT", 1]]
[active_model_serializers]   ↳ app/controllers/animals_controller.rb:6:in `index'
[active_model_serializers]   [1m[36mCACHE Species Load (0.0ms)[0m  [1m[34mSELECT "species".* FROM "species" WHERE "species"."id" = ? LIMIT ?[0m  [["id", 1], ["LIMIT", 1]]
[active_model_serializers]   ↳ app/controllers/animals_controller.rb:6:in `index'
[active_model_serializers] Rendered ActiveModel::Serializer::CollectionSerializer with ActiveModelSerializers::Adapter::Attributes (22.14ms)
Completed 200 OK in 76ms (Views: 61.8ms | ActiveRecord: 10.3ms | Allocations: 12045)


Started POST "/animals/" for ::1 at 2020-02-05 14:29:14 -0800
Processing by AnimalsController#create as JSON
  Parameters: {"animal"=>{"name"=>"Bob", "gender"=>"unknown", "species"=>"Pig"}}
  [1m[36mSpecies Load (0.1ms)[0m  [1m[34mSELECT "species".* FROM "species" WHERE "species"."name" = ? LIMIT ?[0m  [["name", "Pig"], ["LIMIT", 1]]
  ↳ app/controllers/animals_controller.rb:20:in `create'
  [1m[35m (0.0ms)[0m  [1m[36mbegin transaction[0m
  ↳ app/controllers/animals_controller.rb:20:in `create'
  [1m[36mSpecies Create (0.4ms)[0m  [1m[32mINSERT INTO "species" ("name", "created_at", "updated_at") VALUES (?, ?, ?)[0m  [["name", "Pig"], ["created_at", "2020-02-05 22:29:14.906921"], ["updated_at", "2020-02-05 22:29:14.906921"]]
  ↳ app/controllers/animals_controller.rb:20:in `create'
  [1m[35m (2.1ms)[0m  [1m[36mcommit transaction[0m
  ↳ app/controllers/animals_controller.rb:20:in `create'
  [1m[35m (0.1ms)[0m  [1m[36mbegin transaction[0m
  ↳ app/controllers/animals_controller.rb:23:in `create'
  [1m[36mAnimal Create (0.4ms)[0m  [1m[32mINSERT INTO "animals" ("name", "gender", "species_id", "created_at", "updated_at") VALUES (?, ?, ?, ?, ?)[0m  [["name", "Bob"], ["gender", "unknown"], ["species_id", 2], ["created_at", "2020-02-05 22:29:14.922226"], ["updated_at", "2020-02-05 22:29:14.922226"]]
  ↳ app/controllers/animals_controller.rb:23:in `create'
  [1m[35m (1.0ms)[0m  [1m[36mcommit transaction[0m
  ↳ app/controllers/animals_controller.rb:23:in `create'
[active_model_serializers] Rendered AnimalSerializer with ActiveModelSerializers::Adapter::Attributes (0.42ms)
Completed 200 OK in 22ms (Views: 0.9ms | ActiveRecord: 4.2ms | Allocations: 5691)


Started GET "/" for ::1 at 2020-03-18 10:54:56 -0700
  [1m[35m (1.9ms)[0m  [1m[34mSELECT sqlite_version(*)[0m
  [1m[35m (0.7ms)[0m  [1m[34mSELECT "schema_migrations"."version" FROM "schema_migrations" ORDER BY "schema_migrations"."version" ASC[0m
Processing by Rails::WelcomeController#index as HTML
  Rendering /Users/amelie/.rvm/gems/ruby-2.6.0/gems/railties-6.0.2.1/lib/rails/templates/rails/welcome/index.html.erb
  Rendered /Users/amelie/.rvm/gems/ruby-2.6.0/gems/railties-6.0.2.1/lib/rails/templates/rails/welcome/index.html.erb (Duration: 6.1ms | Allocations: 481)
Completed 200 OK in 28ms (Views: 18.4ms | ActiveRecord: 0.0ms | Allocations: 2642)


Started GET "/animals" for ::1 at 2020-03-18 10:55:19 -0700
Processing by AnimalsController#index as HTML
  [1m[36mAnimal Load (0.6ms)[0m  [1m[34mSELECT "animals".* FROM "animals"[0m
  ↳ app/controllers/animals_controller.rb:6:in `index'
[active_model_serializers]   [1m[36mSpecies Load (1.3ms)[0m  [1m[34mSELECT "species".* FROM "species" WHERE "species"."id" = ? LIMIT ?[0m  [["id", 1], ["LIMIT", 1]]
[active_model_serializers]   ↳ app/controllers/animals_controller.rb:6:in `index'
[active_model_serializers]   [1m[36mCACHE Species Load (0.0ms)[0m  [1m[34mSELECT "species".* FROM "species" WHERE "species"."id" = ? LIMIT ?[0m  [["id", 1], ["LIMIT", 1]]
[active_model_serializers]   ↳ app/controllers/animals_controller.rb:6:in `index'
[active_model_serializers]   [1m[36mSpecies Load (0.3ms)[0m  [1m[34mSELECT "species".* FROM "species" WHERE "species"."id" = ? LIMIT ?[0m  [["id", 2], ["LIMIT", 1]]
[active_model_serializers]   ↳ app/controllers/animals_controller.rb:6:in `index'
[active_model_serializers] Rendered ActiveModel::Serializer::CollectionSerializer with ActiveModelSerializers::Adapter::Attributes (38.78ms)
Completed 200 OK in 82ms (Views: 70.3ms | ActiveRecord: 3.1ms | Allocations: 22710)


Started GET "/animals/" for ::1 at 2020-03-18 11:08:13 -0700
  [1m[35m (0.4ms)[0m  [1m[34mSELECT sqlite_version(*)[0m
  [1m[35m (0.9ms)[0m  [1m[34mSELECT "schema_migrations"."version" FROM "schema_migrations" ORDER BY "schema_migrations"."version" ASC[0m
Processing by AnimalsController#index as */*
  [1m[36mAnimal Load (0.2ms)[0m  [1m[34mSELECT "animals".* FROM "animals"[0m
  ↳ app/controllers/animals_controller.rb:6:in `index'
[active_model_serializers]   [1m[36mSpecies Load (0.3ms)[0m  [1m[34mSELECT "species".* FROM "species" WHERE "species"."id" = ? LIMIT ?[0m  [["id", 1], ["LIMIT", 1]]
[active_model_serializers]   ↳ app/controllers/animals_controller.rb:6:in `index'
[active_model_serializers]   [1m[36mCACHE Species Load (0.0ms)[0m  [1m[34mSELECT "species".* FROM "species" WHERE "species"."id" = ? LIMIT ?[0m  [["id", 1], ["LIMIT", 1]]
[active_model_serializers]   ↳ app/controllers/animals_controller.rb:6:in `index'
[active_model_serializers]   [1m[36mSpecies Load (0.3ms)[0m  [1m[34mSELECT "species".* FROM "species" WHERE "species"."id" = ? LIMIT ?[0m  [["id", 2], ["LIMIT", 1]]
[active_model_serializers]   ↳ app/controllers/animals_controller.rb:6:in `index'
[active_model_serializers] Rendered ActiveModel::Serializer::CollectionSerializer with ActiveModelSerializers::Adapter::Attributes (36.97ms)
Completed 200 OK in 74ms (Views: 66.1ms | ActiveRecord: 3.2ms | Allocations: 17615)


Started GET "/animals/" for ::1 at 2020-03-18 11:10:43 -0700
Processing by AnimalsController#index as */*
  [1m[36mAnimal Load (0.2ms)[0m  [1m[34mSELECT "animals".* FROM "animals"[0m
  ↳ app/controllers/animals_controller.rb:6:in `index'
[active_model_serializers]   [1m[36mSpecies Load (0.2ms)[0m  [1m[34mSELECT "species".* FROM "species" WHERE "species"."id" = ? LIMIT ?[0m  [["id", 1], ["LIMIT", 1]]
[active_model_serializers]   ↳ app/controllers/animals_controller.rb:6:in `index'
[active_model_serializers]   [1m[36mCACHE Species Load (0.0ms)[0m  [1m[34mSELECT "species".* FROM "species" WHERE "species"."id" = ? LIMIT ?[0m  [["id", 1], ["LIMIT", 1]]
[active_model_serializers]   ↳ app/controllers/animals_controller.rb:6:in `index'
[active_model_serializers]   [1m[36mSpecies Load (0.1ms)[0m  [1m[34mSELECT "species".* FROM "species" WHERE "species"."id" = ? LIMIT ?[0m  [["id", 2], ["LIMIT", 1]]
[active_model_serializers]   ↳ app/controllers/animals_controller.rb:6:in `index'
[active_model_serializers] Rendered ActiveModel::Serializer::CollectionSerializer with ActiveModelSerializers::Adapter::Attributes (4.72ms)
Completed 200 OK in 6ms (Views: 5.7ms | ActiveRecord: 0.5ms | Allocations: 5104)


Started GET "/animals" for ::1 at 2020-03-18 11:11:40 -0700
Processing by AnimalsController#index as */*
  Parameters: {"animal"=>{}}
  [1m[36mAnimal Load (0.1ms)[0m  [1m[34mSELECT "animals".* FROM "animals"[0m
  ↳ app/controllers/animals_controller.rb:6:in `index'
[active_model_serializers]   [1m[36mSpecies Load (0.1ms)[0m  [1m[34mSELECT "species".* FROM "species" WHERE "species"."id" = ? LIMIT ?[0m  [["id", 1], ["LIMIT", 1]]
[active_model_serializers]   ↳ app/controllers/animals_controller.rb:6:in `index'
[active_model_serializers]   [1m[36mCACHE Species Load (0.1ms)[0m  [1m[34mSELECT "species".* FROM "species" WHERE "species"."id" = ? LIMIT ?[0m  [["id", 1], ["LIMIT", 1]]
[active_model_serializers]   ↳ app/controllers/animals_controller.rb:6:in `index'
[active_model_serializers]   [1m[36mSpecies Load (0.1ms)[0m  [1m[34mSELECT "species".* FROM "species" WHERE "species"."id" = ? LIMIT ?[0m  [["id", 2], ["LIMIT", 1]]
[active_model_serializers]   ↳ app/controllers/animals_controller.rb:6:in `index'
[active_model_serializers] Rendered ActiveModel::Serializer::CollectionSerializer with ActiveModelSerializers::Adapter::Attributes (5.37ms)
Completed 200 OK in 7ms (Views: 6.6ms | ActiveRecord: 0.4ms | Allocations: 5104)


Started GET "/animals" for ::1 at 2020-03-18 11:16:04 -0700
  [1m[35m (0.0ms)[0m  [1m[34mSELECT sqlite_version(*)[0m
Processing by AnimalsController#index as HTML
  [1m[36mAnimal Load (0.2ms)[0m  [1m[34mSELECT "animals".* FROM "animals"[0m
  ↳ app/controllers/animals_controller.rb:6:in `index'
[active_model_serializers]   [1m[36mSpecies Load (0.1ms)[0m  [1m[34mSELECT "species".* FROM "species" WHERE "species"."id" = ? LIMIT ?[0m  [["id", 1], ["LIMIT", 1]]
[active_model_serializers]   ↳ app/controllers/animals_controller.rb:6:in `index'
[active_model_serializers]   [1m[36mCACHE Species Load (0.0ms)[0m  [1m[34mSELECT "species".* FROM "species" WHERE "species"."id" = ? LIMIT ?[0m  [["id", 1], ["LIMIT", 1]]
[active_model_serializers]   ↳ app/controllers/animals_controller.rb:6:in `index'
[active_model_serializers]   [1m[36mSpecies Load (0.1ms)[0m  [1m[34mSELECT "species".* FROM "species" WHERE "species"."id" = ? LIMIT ?[0m  [["id", 2], ["LIMIT", 1]]
[active_model_serializers]   ↳ app/controllers/animals_controller.rb:6:in `index'
[active_model_serializers] Rendered ActiveModel::Serializer::CollectionSerializer with ActiveModelSerializers::Adapter::Attributes (13.57ms)
Completed 200 OK in 23ms (Views: 20.1ms | ActiveRecord: 1.6ms | Allocations: 13473)


Started GET "/favicon.ico" for ::1 at 2020-03-18 11:16:04 -0700
  
ActionController::RoutingError (No route matches [GET] "/favicon.ico"):
  
actionpack (6.0.2.1) lib/action_dispatch/middleware/debug_exceptions.rb:36:in `call'
actionpack (6.0.2.1) lib/action_dispatch/middleware/show_exceptions.rb:33:in `call'
railties (6.0.2.1) lib/rails/rack/logger.rb:38:in `call_app'
railties (6.0.2.1) lib/rails/rack/logger.rb:26:in `block in call'
activesupport (6.0.2.1) lib/active_support/tagged_logging.rb:80:in `block in tagged'
activesupport (6.0.2.1) lib/active_support/tagged_logging.rb:28:in `tagged'
activesupport (6.0.2.1) lib/active_support/tagged_logging.rb:80:in `tagged'
railties (6.0.2.1) lib/rails/rack/logger.rb:26:in `call'
actionpack (6.0.2.1) lib/action_dispatch/middleware/remote_ip.rb:81:in `call'
actionpack (6.0.2.1) lib/action_dispatch/middleware/request_id.rb:27:in `call'
rack (2.1.2) lib/rack/runtime.rb:24:in `call'
activesupport (6.0.2.1) lib/active_support/cache/strategy/local_cache_middleware.rb:29:in `call'
actionpack (6.0.2.1) lib/action_dispatch/middleware/executor.rb:14:in `call'
actionpack (6.0.2.1) lib/action_dispatch/middleware/static.rb:126:in `call'
rack (2.1.2) lib/rack/sendfile.rb:113:in `call'
actionpack (6.0.2.1) lib/action_dispatch/middleware/host_authorization.rb:83:in `call'
rack-cors (1.1.1) lib/rack/cors.rb:100:in `call'
railties (6.0.2.1) lib/rails/engine.rb:526:in `call'
puma (4.3.1) lib/puma/configuration.rb:228:in `call'
puma (4.3.1) lib/puma/server.rb:681:in `handle_request'
puma (4.3.1) lib/puma/server.rb:472:in `process_client'
puma (4.3.1) lib/puma/server.rb:328:in `block in run'
puma (4.3.1) lib/puma/thread_pool.rb:134:in `block in spawn_thread'
Started GET "/animals" for ::1 at 2020-03-18 11:16:45 -0700
  [1m[35m (0.0ms)[0m  [1m[34mSELECT sqlite_version(*)[0m
Processing by AnimalsController#index as HTML
  [1m[36mAnimal Load (0.2ms)[0m  [1m[34mSELECT "animals".* FROM "animals"[0m
  ↳ app/controllers/animals_controller.rb:6:in `index'
[active_model_serializers] Rendered ActiveModel::Serializer::CollectionSerializer with ActiveModelSerializers::Adapter::Attributes (0.51ms)
Completed 200 OK in 9ms (Views: 6.8ms | ActiveRecord: 0.6ms | Allocations: 6117)


Started GET "/animals" for ::1 at 2020-03-18 11:17:05 -0700
  [1m[35m (0.1ms)[0m  [1m[34mSELECT sqlite_version(*)[0m
Processing by AnimalsController#index as HTML
  [1m[36mAnimal Load (0.4ms)[0m  [1m[34mSELECT "animals".* FROM "animals"[0m
  ↳ app/controllers/animals_controller.rb:6:in `index'
[active_model_serializers]   [1m[36mSpecies Load (0.1ms)[0m  [1m[34mSELECT "species".* FROM "species" WHERE "species"."id" = ? LIMIT ?[0m  [["id", 1], ["LIMIT", 1]]
[active_model_serializers]   ↳ app/controllers/animals_controller.rb:6:in `index'
[active_model_serializers]   [1m[36mCACHE Species Load (0.1ms)[0m  [1m[34mSELECT "species".* FROM "species" WHERE "species"."id" = ? LIMIT ?[0m  [["id", 1], ["LIMIT", 1]]
[active_model_serializers]   ↳ app/controllers/animals_controller.rb:6:in `index'
[active_model_serializers]   [1m[36mSpecies Load (0.2ms)[0m  [1m[34mSELECT "species".* FROM "species" WHERE "species"."id" = ? LIMIT ?[0m  [["id", 2], ["LIMIT", 1]]
[active_model_serializers]   ↳ app/controllers/animals_controller.rb:6:in `index'
[active_model_serializers] Rendered ActiveModel::Serializer::CollectionSerializer with ActiveModelSerializers::Adapter::Attributes (13.4ms)
Completed 200 OK in 23ms (Views: 19.7ms | ActiveRecord: 1.8ms | Allocations: 13452)


Started GET "/animals" for ::1 at 2020-03-18 11:19:30 -0700
  [1m[35m (0.1ms)[0m  [1m[34mSELECT sqlite_version(*)[0m
Processing by AnimalsController#index as HTML
  [1m[36mAnimal Load (0.2ms)[0m  [1m[34mSELECT "animals".* FROM "animals"[0m
  ↳ app/controllers/animals_controller.rb:6:in `index'
[active_model_serializers]   [1m[36mSpecies Load (0.3ms)[0m  [1m[34mSELECT "species".* FROM "species" WHERE "species"."id" = ? LIMIT ?[0m  [["id", 1], ["LIMIT", 1]]
[active_model_serializers]   ↳ app/controllers/animals_controller.rb:6:in `index'
[active_model_serializers]   [1m[36mCACHE Species Load (0.0ms)[0m  [1m[34mSELECT "species".* FROM "species" WHERE "species"."id" = ? LIMIT ?[0m  [["id", 1], ["LIMIT", 1]]
[active_model_serializers]   ↳ app/controllers/animals_controller.rb:6:in `index'
[active_model_serializers]   [1m[36mSpecies Load (0.1ms)[0m  [1m[34mSELECT "species".* FROM "species" WHERE "species"."id" = ? LIMIT ?[0m  [["id", 2], ["LIMIT", 1]]
[active_model_serializers]   ↳ app/controllers/animals_controller.rb:6:in `index'
[active_model_serializers] Rendered ActiveModel::Serializer::CollectionSerializer with ActiveModelSerializers::Adapter::Attributes (16.32ms)
Completed 200 OK in 25ms (Views: 21.0ms | ActiveRecord: 2.7ms | Allocations: 13411)


Started GET "/species" for ::1 at 2020-03-18 11:19:52 -0700
  [1m[35m (0.0ms)[0m  [1m[34mSELECT sqlite_version(*)[0m
  
AbstractController::ActionNotFound (The action 'index' could not be found for SpeciesController):
  
actionpack (6.0.2.1) lib/abstract_controller/base.rb:131:in `process'
actionpack (6.0.2.1) lib/action_controller/metal.rb:191:in `dispatch'
actionpack (6.0.2.1) lib/action_controller/metal.rb:252:in `dispatch'
actionpack (6.0.2.1) lib/action_dispatch/routing/route_set.rb:51:in `dispatch'
actionpack (6.0.2.1) lib/action_dispatch/routing/route_set.rb:33:in `serve'
actionpack (6.0.2.1) lib/action_dispatch/journey/router.rb:49:in `block in serve'
actionpack (6.0.2.1) lib/action_dispatch/journey/router.rb:32:in `each'
actionpack (6.0.2.1) lib/action_dispatch/journey/router.rb:32:in `serve'
actionpack (6.0.2.1) lib/action_dispatch/routing/route_set.rb:837:in `call'
rack (2.1.2) lib/rack/etag.rb:27:in `call'
rack (2.1.2) lib/rack/conditional_get.rb:27:in `call'
rack (2.1.2) lib/rack/head.rb:14:in `call'
activerecord (6.0.2.1) lib/active_record/migration.rb:567:in `call'
actionpack (6.0.2.1) lib/action_dispatch/middleware/callbacks.rb:27:in `block in call'
activesupport (6.0.2.1) lib/active_support/callbacks.rb:101:in `run_callbacks'
actionpack (6.0.2.1) lib/action_dispatch/middleware/callbacks.rb:26:in `call'
actionpack (6.0.2.1) lib/action_dispatch/middleware/executor.rb:14:in `call'
actionpack (6.0.2.1) lib/action_dispatch/middleware/actionable_exceptions.rb:17:in `call'
actionpack (6.0.2.1) lib/action_dispatch/middleware/debug_exceptions.rb:32:in `call'
actionpack (6.0.2.1) lib/action_dispatch/middleware/show_exceptions.rb:33:in `call'
railties (6.0.2.1) lib/rails/rack/logger.rb:38:in `call_app'
railties (6.0.2.1) lib/rails/rack/logger.rb:26:in `block in call'
activesupport (6.0.2.1) lib/active_support/tagged_logging.rb:80:in `block in tagged'
activesupport (6.0.2.1) lib/active_support/tagged_logging.rb:28:in `tagged'
activesupport (6.0.2.1) lib/active_support/tagged_logging.rb:80:in `tagged'
railties (6.0.2.1) lib/rails/rack/logger.rb:26:in `call'
actionpack (6.0.2.1) lib/action_dispatch/middleware/remote_ip.rb:81:in `call'
actionpack (6.0.2.1) lib/action_dispatch/middleware/request_id.rb:27:in `call'
rack (2.1.2) lib/rack/runtime.rb:24:in `call'
activesupport (6.0.2.1) lib/active_support/cache/strategy/local_cache_middleware.rb:29:in `call'
actionpack (6.0.2.1) lib/action_dispatch/middleware/executor.rb:14:in `call'
actionpack (6.0.2.1) lib/action_dispatch/middleware/static.rb:126:in `call'
rack (2.1.2) lib/rack/sendfile.rb:113:in `call'
actionpack (6.0.2.1) lib/action_dispatch/middleware/host_authorization.rb:83:in `call'
rack-cors (1.1.1) lib/rack/cors.rb:100:in `call'
railties (6.0.2.1) lib/rails/engine.rb:526:in `call'
puma (4.3.1) lib/puma/configuration.rb:228:in `call'
puma (4.3.1) lib/puma/server.rb:681:in `handle_request'
puma (4.3.1) lib/puma/server.rb:472:in `process_client'
puma (4.3.1) lib/puma/server.rb:328:in `block in run'
puma (4.3.1) lib/puma/thread_pool.rb:134:in `block in spawn_thread'
Started GET "/species" for ::1 at 2020-03-18 11:20:25 -0700
  [1m[35m (0.0ms)[0m  [1m[34mSELECT sqlite_version(*)[0m
Processing by SpeciesController#index as HTML
Completed 204 No Content in 0ms (ActiveRecord: 0.0ms | Allocations: 48)


Started GET "/species" for ::1 at 2020-03-18 11:20:27 -0700
Processing by SpeciesController#index as HTML
Completed 204 No Content in 0ms (ActiveRecord: 0.0ms | Allocations: 25)


Started GET "/species" for ::1 at 2020-03-18 11:20:28 -0700
Processing by SpeciesController#index as HTML
Completed 204 No Content in 0ms (ActiveRecord: 0.0ms | Allocations: 25)


  [1m[35m (0.9ms)[0m  [1m[34mSELECT sqlite_version(*)[0m
  [1m[36mSpecies Exists? (0.1ms)[0m  [1m[34mSELECT 1 AS one FROM "species" LIMIT ?[0m  [["LIMIT", 1]]
  [1m[36mSpecies Load (0.2ms)[0m  [1m[34mSELECT "species".* FROM "species"[0m
Started GET "/species" for ::1 at 2020-03-18 11:21:31 -0700
  [1m[35m (0.0ms)[0m  [1m[34mSELECT sqlite_version(*)[0m
Processing by SpeciesController#index as HTML
  [1m[36mSpecies Load (0.2ms)[0m  [1m[34mSELECT "species".* FROM "species"[0m
  ↳ app/controllers/species_controller.rb:4:in `index'
[active_model_serializers] Rendered ActiveModel::Serializer::CollectionSerializer with ActiveModelSerializers::Adapter::Attributes (0.26ms)
Completed 200 OK in 9ms (Views: 5.5ms | ActiveRecord: 0.7ms | Allocations: 4923)


Started GET "/species/1" for ::1 at 2020-03-18 11:21:55 -0700
  
AbstractController::ActionNotFound (The action 'show' could not be found for SpeciesController):
  
actionpack (6.0.2.1) lib/abstract_controller/base.rb:131:in `process'
actionpack (6.0.2.1) lib/action_controller/metal.rb:191:in `dispatch'
actionpack (6.0.2.1) lib/action_controller/metal.rb:252:in `dispatch'
actionpack (6.0.2.1) lib/action_dispatch/routing/route_set.rb:51:in `dispatch'
actionpack (6.0.2.1) lib/action_dispatch/routing/route_set.rb:33:in `serve'
actionpack (6.0.2.1) lib/action_dispatch/journey/router.rb:49:in `block in serve'
actionpack (6.0.2.1) lib/action_dispatch/journey/router.rb:32:in `each'
actionpack (6.0.2.1) lib/action_dispatch/journey/router.rb:32:in `serve'
actionpack (6.0.2.1) lib/action_dispatch/routing/route_set.rb:837:in `call'
rack (2.1.2) lib/rack/etag.rb:27:in `call'
rack (2.1.2) lib/rack/conditional_get.rb:27:in `call'
rack (2.1.2) lib/rack/head.rb:14:in `call'
activerecord (6.0.2.1) lib/active_record/migration.rb:567:in `call'
actionpack (6.0.2.1) lib/action_dispatch/middleware/callbacks.rb:27:in `block in call'
activesupport (6.0.2.1) lib/active_support/callbacks.rb:101:in `run_callbacks'
actionpack (6.0.2.1) lib/action_dispatch/middleware/callbacks.rb:26:in `call'
actionpack (6.0.2.1) lib/action_dispatch/middleware/executor.rb:14:in `call'
actionpack (6.0.2.1) lib/action_dispatch/middleware/actionable_exceptions.rb:17:in `call'
actionpack (6.0.2.1) lib/action_dispatch/middleware/debug_exceptions.rb:32:in `call'
actionpack (6.0.2.1) lib/action_dispatch/middleware/show_exceptions.rb:33:in `call'
railties (6.0.2.1) lib/rails/rack/logger.rb:38:in `call_app'
railties (6.0.2.1) lib/rails/rack/logger.rb:26:in `block in call'
activesupport (6.0.2.1) lib/active_support/tagged_logging.rb:80:in `block in tagged'
activesupport (6.0.2.1) lib/active_support/tagged_logging.rb:28:in `tagged'
activesupport (6.0.2.1) lib/active_support/tagged_logging.rb:80:in `tagged'
railties (6.0.2.1) lib/rails/rack/logger.rb:26:in `call'
actionpack (6.0.2.1) lib/action_dispatch/middleware/remote_ip.rb:81:in `call'
actionpack (6.0.2.1) lib/action_dispatch/middleware/request_id.rb:27:in `call'
rack (2.1.2) lib/rack/runtime.rb:24:in `call'
activesupport (6.0.2.1) lib/active_support/cache/strategy/local_cache_middleware.rb:29:in `call'
actionpack (6.0.2.1) lib/action_dispatch/middleware/executor.rb:14:in `call'
actionpack (6.0.2.1) lib/action_dispatch/middleware/static.rb:126:in `call'
rack (2.1.2) lib/rack/sendfile.rb:113:in `call'
actionpack (6.0.2.1) lib/action_dispatch/middleware/host_authorization.rb:83:in `call'
rack-cors (1.1.1) lib/rack/cors.rb:100:in `call'
railties (6.0.2.1) lib/rails/engine.rb:526:in `call'
puma (4.3.1) lib/puma/configuration.rb:228:in `call'
puma (4.3.1) lib/puma/server.rb:681:in `handle_request'
puma (4.3.1) lib/puma/server.rb:472:in `process_client'
puma (4.3.1) lib/puma/server.rb:328:in `block in run'
puma (4.3.1) lib/puma/thread_pool.rb:134:in `block in spawn_thread'
Started GET "/species/1" for ::1 at 2020-03-18 11:24:05 -0700
  [1m[35m (0.0ms)[0m  [1m[34mSELECT sqlite_version(*)[0m
Processing by SpeciesController#show as HTML
  Parameters: {"id"=>"1"}
  [1m[36mSpecies Load (0.2ms)[0m  [1m[34mSELECT "species".* FROM "species" WHERE "species"."id" = ? LIMIT ?[0m  [["id", 1], ["LIMIT", 1]]
  ↳ app/controllers/species_controller.rb:8:in `show'
[active_model_serializers] Rendered SpeciesSerializer with ActiveModelSerializers::Adapter::Attributes (0.16ms)
Completed 200 OK in 7ms (Views: 0.9ms | ActiveRecord: 0.7ms | Allocations: 4575)


Started GET "/species/2" for ::1 at 2020-03-18 11:24:12 -0700
Processing by SpeciesController#show as HTML
  Parameters: {"id"=>"2"}
  [1m[36mSpecies Load (0.1ms)[0m  [1m[34mSELECT "species".* FROM "species" WHERE "species"."id" = ? LIMIT ?[0m  [["id", 2], ["LIMIT", 1]]
  ↳ app/controllers/species_controller.rb:8:in `show'
[active_model_serializers] Rendered SpeciesSerializer with ActiveModelSerializers::Adapter::Attributes (0.17ms)
Completed 200 OK in 2ms (Views: 0.6ms | ActiveRecord: 0.1ms | Allocations: 705)


Started GET "/species/2" for ::1 at 2020-03-18 11:26:28 -0700
  [1m[35m (0.0ms)[0m  [1m[34mSELECT sqlite_version(*)[0m
Processing by SpeciesController#show as HTML
  Parameters: {"id"=>"2"}
  [1m[36mSpecies Load (0.2ms)[0m  [1m[34mSELECT "species".* FROM "species" WHERE "species"."id" = ? LIMIT ?[0m  [["id", 2], ["LIMIT", 1]]
  ↳ app/controllers/species_controller.rb:8:in `show'
[active_model_serializers] Rendered SpeciesSerializer with ActiveModelSerializers::Adapter::Attributes (0.16ms)
Completed 200 OK in 8ms (Views: 1.9ms | ActiveRecord: 0.6ms | Allocations: 4579)


Started GET "/animals/" for ::1 at 2020-03-18 11:31:11 -0700
Processing by AnimalsController#index as */*
  [1m[36mAnimal Load (0.2ms)[0m  [1m[34mSELECT "animals".* FROM "animals"[0m
  ↳ app/controllers/animals_controller.rb:6:in `index'
[active_model_serializers]   [1m[36mSpecies Load (0.1ms)[0m  [1m[34mSELECT "species".* FROM "species" WHERE "species"."id" = ? LIMIT ?[0m  [["id", 1], ["LIMIT", 1]]
[active_model_serializers]   ↳ app/controllers/animals_controller.rb:6:in `index'
[active_model_serializers]   [1m[36mCACHE Species Load (0.0ms)[0m  [1m[34mSELECT "species".* FROM "species" WHERE "species"."id" = ? LIMIT ?[0m  [["id", 1], ["LIMIT", 1]]
[active_model_serializers]   ↳ app/controllers/animals_controller.rb:6:in `index'
[active_model_serializers]   [1m[36mSpecies Load (0.1ms)[0m  [1m[34mSELECT "species".* FROM "species" WHERE "species"."id" = ? LIMIT ?[0m  [["id", 2], ["LIMIT", 1]]
[active_model_serializers]   ↳ app/controllers/animals_controller.rb:6:in `index'
[active_model_serializers] Rendered ActiveModel::Serializer::CollectionSerializer with ActiveModelSerializers::Adapter::Attributes (8.33ms)
Completed 200 OK in 51ms (Views: 48.5ms | ActiveRecord: 0.9ms | Allocations: 9641)


Started POST "/animals/" for ::1 at 2020-03-18 11:31:20 -0700
Processing by AnimalsController#create as JSON
  Parameters: {"animal"=>{"name"=>"", "gender"=>"", "species"=>"test"}}
  [1m[36mSpecies Load (0.2ms)[0m  [1m[34mSELECT "species".* FROM "species" WHERE "species"."name" = ? LIMIT ?[0m  [["name", "Test"], ["LIMIT", 1]]
  ↳ app/controllers/animals_controller.rb:26:in `create'
  [1m[35m (0.0ms)[0m  [1m[36mbegin transaction[0m
  ↳ app/controllers/animals_controller.rb:26:in `create'
  [1m[36mSpecies Create (1.6ms)[0m  [1m[32mINSERT INTO "species" ("name", "created_at", "updated_at") VALUES (?, ?, ?)[0m  [["name", "Test"], ["created_at", "2020-03-18 18:31:20.584899"], ["updated_at", "2020-03-18 18:31:20.584899"]]
  ↳ app/controllers/animals_controller.rb:26:in `create'
  [1m[35m (1.1ms)[0m  [1m[36mcommit transaction[0m
  ↳ app/controllers/animals_controller.rb:26:in `create'
  [1m[35m (0.0ms)[0m  [1m[36mbegin transaction[0m
  ↳ app/controllers/animals_controller.rb:29:in `create'
  [1m[36mAnimal Create (0.8ms)[0m  [1m[32mINSERT INTO "animals" ("name", "gender", "species_id", "created_at", "updated_at") VALUES (?, ?, ?, ?, ?)[0m  [["name", ""], ["gender", ""], ["species_id", 3], ["created_at", "2020-03-18 18:31:20.590235"], ["updated_at", "2020-03-18 18:31:20.590235"]]
  ↳ app/controllers/animals_controller.rb:29:in `create'
  [1m[35m (0.8ms)[0m  [1m[36mcommit transaction[0m
  ↳ app/controllers/animals_controller.rb:29:in `create'
[active_model_serializers] Rendered AnimalSerializer with ActiveModelSerializers::Adapter::Attributes (0.47ms)
Completed 200 OK in 18ms (Views: 0.9ms | ActiveRecord: 4.6ms | Allocations: 5674)


Started GET "/animals/" for ::1 at 2020-03-18 11:32:38 -0700
  [1m[35m (0.1ms)[0m  [1m[34mSELECT sqlite_version(*)[0m
Processing by AnimalsController#index as */*
  [1m[36mAnimal Load (0.2ms)[0m  [1m[34mSELECT "animals".* FROM "animals"[0m
  ↳ app/controllers/animals_controller.rb:6:in `index'
[active_model_serializers]   [1m[36mSpecies Load (0.2ms)[0m  [1m[34mSELECT "species".* FROM "species" WHERE "species"."id" = ? LIMIT ?[0m  [["id", 1], ["LIMIT", 1]]
[active_model_serializers]   ↳ app/controllers/animals_controller.rb:6:in `index'
[active_model_serializers]   [1m[36mCACHE Species Load (0.0ms)[0m  [1m[34mSELECT "species".* FROM "species" WHERE "species"."id" = ? LIMIT ?[0m  [["id", 1], ["LIMIT", 1]]
[active_model_serializers]   ↳ app/controllers/animals_controller.rb:6:in `index'
[active_model_serializers]   [1m[36mSpecies Load (0.1ms)[0m  [1m[34mSELECT "species".* FROM "species" WHERE "species"."id" = ? LIMIT ?[0m  [["id", 2], ["LIMIT", 1]]
[active_model_serializers]   ↳ app/controllers/animals_controller.rb:6:in `index'
[active_model_serializers]   [1m[36mSpecies Load (0.2ms)[0m  [1m[34mSELECT "species".* FROM "species" WHERE "species"."id" = ? LIMIT ?[0m  [["id", 3], ["LIMIT", 1]]
[active_model_serializers]   ↳ app/controllers/animals_controller.rb:6:in `index'
[active_model_serializers] Rendered ActiveModel::Serializer::CollectionSerializer with ActiveModelSerializers::Adapter::Attributes (41.45ms)
Completed 200 OK in 85ms (Views: 58.6ms | ActiveRecord: 2.3ms | Allocations: 17348)


Started POST "/animals/" for ::1 at 2020-03-18 11:32:42 -0700
Processing by AnimalsController#create as JSON
  Parameters: {"animal"=>{"name"=>"", "gender"=>"", "species"=>"test"}}
  [1m[36mSpecies Load (0.2ms)[0m  [1m[34mSELECT "species".* FROM "species" WHERE "species"."name" = ? LIMIT ?[0m  [["name", "Test"], ["LIMIT", 1]]
  ↳ app/controllers/animals_controller.rb:26:in `create'
[active_model_serializers] Rendered ActiveModel::Serializer::Null with Hash (0.09ms)
Completed 200 OK in 15ms (Views: 2.8ms | ActiveRecord: 0.2ms | Allocations: 4794)


Started GET "/animals/" for ::1 at 2020-03-18 11:41:05 -0700
  [1m[35m (0.4ms)[0m  [1m[34mSELECT sqlite_version(*)[0m
  [1m[35m (0.1ms)[0m  [1m[34mSELECT "schema_migrations"."version" FROM "schema_migrations" ORDER BY "schema_migrations"."version" ASC[0m
Processing by AnimalsController#index as */*
  [1m[36mAnimal Load (0.1ms)[0m  [1m[34mSELECT "animals".* FROM "animals"[0m
  ↳ app/controllers/animals_controller.rb:6:in `index'
[active_model_serializers]   [1m[36mSpecies Load (0.2ms)[0m  [1m[34mSELECT "species".* FROM "species" WHERE "species"."id" = ? LIMIT ?[0m  [["id", 1], ["LIMIT", 1]]
[active_model_serializers]   ↳ app/controllers/animals_controller.rb:6:in `index'
[active_model_serializers]   [1m[36mCACHE Species Load (0.0ms)[0m  [1m[34mSELECT "species".* FROM "species" WHERE "species"."id" = ? LIMIT ?[0m  [["id", 1], ["LIMIT", 1]]
[active_model_serializers]   ↳ app/controllers/animals_controller.rb:6:in `index'
[active_model_serializers]   [1m[36mSpecies Load (0.1ms)[0m  [1m[34mSELECT "species".* FROM "species" WHERE "species"."id" = ? LIMIT ?[0m  [["id", 2], ["LIMIT", 1]]
[active_model_serializers]   ↳ app/controllers/animals_controller.rb:6:in `index'
[active_model_serializers]   [1m[36mSpecies Load (0.1ms)[0m  [1m[34mSELECT "species".* FROM "species" WHERE "species"."id" = ? LIMIT ?[0m  [["id", 3], ["LIMIT", 1]]
[active_model_serializers]   ↳ app/controllers/animals_controller.rb:6:in `index'
[active_model_serializers] Rendered ActiveModel::Serializer::CollectionSerializer with ActiveModelSerializers::Adapter::Attributes (34.82ms)
Completed 200 OK in 84ms (Views: 78.4ms | ActiveRecord: 1.5ms | Allocations: 18995)


Started GET "/animals/" for ::1 at 2020-03-18 11:41:54 -0700
  [1m[35m (0.4ms)[0m  [1m[34mSELECT sqlite_version(*)[0m
  [1m[35m (0.2ms)[0m  [1m[34mSELECT "schema_migrations"."version" FROM "schema_migrations" ORDER BY "schema_migrations"."version" ASC[0m
Processing by AnimalsController#index as */*
  [1m[36mAnimal Load (0.2ms)[0m  [1m[34mSELECT "animals".* FROM "animals"[0m
  ↳ app/controllers/animals_controller.rb:6:in `index'
[active_model_serializers]   [1m[36mSpecies Load (1.1ms)[0m  [1m[34mSELECT "species".* FROM "species" WHERE "species"."id" = ? LIMIT ?[0m  [["id", 1], ["LIMIT", 1]]
[active_model_serializers]   ↳ app/controllers/animals_controller.rb:6:in `index'
[active_model_serializers]   [1m[36mCACHE Species Load (0.0ms)[0m  [1m[34mSELECT "species".* FROM "species" WHERE "species"."id" = ? LIMIT ?[0m  [["id", 1], ["LIMIT", 1]]
[active_model_serializers]   ↳ app/controllers/animals_controller.rb:6:in `index'
[active_model_serializers]   [1m[36mSpecies Load (0.1ms)[0m  [1m[34mSELECT "species".* FROM "species" WHERE "species"."id" = ? LIMIT ?[0m  [["id", 2], ["LIMIT", 1]]
[active_model_serializers]   ↳ app/controllers/animals_controller.rb:6:in `index'
[active_model_serializers]   [1m[36mSpecies Load (0.1ms)[0m  [1m[34mSELECT "species".* FROM "species" WHERE "species"."id" = ? LIMIT ?[0m  [["id", 3], ["LIMIT", 1]]
[active_model_serializers]   ↳ app/controllers/animals_controller.rb:6:in `index'
[active_model_serializers] Rendered ActiveModel::Serializer::CollectionSerializer with ActiveModelSerializers::Adapter::Attributes (48.35ms)
Completed 200 OK in 89ms (Views: 78.1ms | ActiveRecord: 2.4ms | Allocations: 19002)


Started GET "/species" for ::1 at 2020-03-18 11:44:34 -0700
Processing by SpeciesController#index as HTML
  [1m[36mSpecies Load (0.2ms)[0m  [1m[34mSELECT "species".* FROM "species"[0m
  ↳ app/controllers/species_controller.rb:4:in `index'
[active_model_serializers] Rendered ActiveModel::Serializer::CollectionSerializer with ActiveModelSerializers::Adapter::Attributes (0.39ms)
Completed 200 OK in 2ms (Views: 1.9ms | ActiveRecord: 0.2ms | Allocations: 1245)


